TN:
SF:e2e/pages/BasePage.ts
FN:1,(empty-report)
FNF:1
FNH:1
FNDA:1,(empty-report)
DA:7,0
DA:11,0
DA:17,0
DA:18,0
DA:19,0
DA:25,0
DA:26,0
DA:27,0
DA:32,0
DA:33,0
DA:34,0
DA:35,0
DA:36,0
DA:42,0
DA:43,0
DA:44,0
DA:45,0
LF:17
LH:0
BRDA:1,0,0,1
BRF:1
BRH:1
end_of_record
TN:
SF:e2e/pages/ChartersPage.ts
FN:1,(empty-report)
FNF:1
FNH:0
FNDA:0,(empty-report)
DA:1,0
DA:2,0
DA:8,0
DA:12,0
DA:13,0
DA:14,0
DA:15,0
DA:20,0
DA:21,0
DA:22,0
DA:27,0
DA:28,0
DA:30,0
DA:31,0
DA:36,0
DA:38,0
DA:39,0
DA:40,0
DA:41,0
DA:44,0
DA:45,0
DA:46,0
DA:47,0
DA:50,0
DA:51,0
DA:52,0
DA:55,0
DA:56,0
DA:61,0
DA:62,0
DA:63,0
DA:64,0
DA:65,0
DA:66,0
DA:72,0
DA:73,0
DA:80,0
DA:81,0
DA:82,0
DA:83,0
DA:88,0
DA:89,0
DA:92,0
DA:95,0
DA:98,0
DA:99,0
DA:100,0
DA:102,0
DA:103,0
DA:104,0
LF:50
LH:0
BRDA:1,0,0,0
BRF:1
BRH:0
end_of_record
TN:
SF:e2e/pages/HomePage.ts
FN:1,(empty-report)
FNF:1
FNH:1
FNDA:1,(empty-report)
DA:2,0
DA:3,0
DA:9,0
DA:17,0
DA:18,0
DA:19,0
DA:28,0
DA:29,0
DA:30,0
DA:35,0
DA:36,0
DA:37,0
DA:42,0
DA:43,0
DA:44,0
DA:49,0
DA:50,0
DA:51,0
DA:56,0
DA:57,0
DA:58,0
DA:63,0
DA:64,0
DA:65,0
DA:70,0
DA:71,0
DA:72,0
DA:77,0
DA:78,0
DA:79,0
DA:84,0
DA:85,0
DA:86,0
DA:91,0
DA:92,0
DA:93,0
DA:98,0
DA:99,0
DA:100,0
DA:105,0
DA:106,0
DA:107,0
DA:112,0
DA:113,0
DA:114,0
DA:119,0
DA:120,0
DA:121,0
DA:130,0
DA:131,0
DA:132,0
DA:137,0
DA:138,0
DA:139,0
DA:144,0
DA:145,0
DA:146,0
DA:151,0
DA:152,0
DA:153,0
DA:158,0
DA:159,0
DA:160,0
DA:165,0
DA:166,0
DA:167,0
DA:172,0
DA:173,0
DA:174,0
DA:179,0
DA:180,0
DA:181,0
DA:190,0
DA:191,0
DA:192,0
DA:193,0
DA:198,0
DA:199,0
DA:200,0
DA:205,0
DA:206,0
DA:207,0
DA:208,0
DA:209,0
DA:210,0
DA:215,0
DA:216,0
DA:217,0
DA:218,0
DA:219,0
DA:220,0
DA:225,0
DA:226,0
DA:227,0
DA:228,0
DA:233,0
DA:234,0
DA:235,0
DA:236,0
DA:241,0
DA:242,0
DA:243,0
DA:244,0
DA:245,0
DA:246,0
DA:251,0
DA:252,0
DA:253,0
DA:254,0
LF:109
LH:0
BRDA:1,0,0,1
BRF:1
BRH:1
end_of_record
TN:
SF:e2e/pages/IBANGeneratorPage.ts
FN:1,(empty-report)
FNF:1
FNH:1
FNDA:1,(empty-report)
DA:2,0
DA:3,0
DA:9,0
DA:18,0
DA:19,0
DA:20,0
DA:25,0
DA:26,0
DA:27,0
DA:32,0
DA:33,0
DA:34,0
DA:39,0
DA:40,0
DA:41,0
DA:46,0
DA:47,0
DA:48,0
DA:53,0
DA:54,0
DA:55,0
DA:64,0
DA:65,0
DA:66,0
DA:73,0
DA:75,0
DA:78,0
DA:81,0
DA:85,0
DA:88,0
DA:92,0
DA:93,0
DA:98,0
DA:99,0
DA:100,0
DA:101,0
DA:103,0
DA:104,0
DA:105,0
DA:106,0
DA:109,0
DA:110,0
DA:111,0
DA:112,0
DA:113,0
DA:114,0
DA:115,0
DA:116,0
DA:117,0
DA:122,0
DA:123,0
DA:124,0
DA:125,0
DA:126,0
DA:131,0
DA:132,0
DA:133,0
DA:134,0
DA:140,0
DA:141,0
DA:142,0
DA:145,0
DA:148,0
DA:151,0
DA:152,0
DA:153,0
DA:154,0
DA:155,0
DA:156,0
DA:160,0
DA:161,0
DA:162,0
DA:163,0
DA:166,0
DA:168,0
DA:169,0
DA:172,0
DA:173,0
DA:174,0
DA:175,0
DA:176,0
DA:177,0
DA:178,0
DA:180,0
DA:181,0
DA:182,0
DA:183,0
DA:186,0
DA:187,0
DA:188,0
DA:189,0
DA:190,0
DA:191,0
DA:194,0
DA:196,0
DA:199,0
DA:200,0
DA:201,0
DA:202,0
DA:203,0
DA:204,0
DA:205,0
DA:208,0
DA:209,0
DA:210,0
DA:211,0
DA:212,0
DA:213,0
DA:216,0
DA:217,0
DA:218,0
DA:232,0
DA:233,0
DA:236,0
DA:237,0
DA:238,0
DA:239,0
DA:240,0
DA:241,0
DA:244,0
DA:245,0
DA:246,0
DA:247,0
DA:250,0
DA:251,0
DA:256,0
DA:257,0
DA:258,0
DA:259,0
DA:260,0
DA:265,0
DA:266,0
DA:267,0
DA:272,0
DA:273,0
DA:274,0
DA:279,0
DA:280,0
DA:281,0
DA:286,0
DA:287,0
DA:288,0
DA:293,0
DA:294,0
DA:295,0
DA:300,0
DA:301,0
DA:302,0
DA:303,0
DA:304,0
DA:313,0
DA:314,0
DA:315,0
DA:320,0
DA:321,0
DA:322,0
DA:328,0
DA:329,0
DA:330,0
DA:332,0
DA:333,0
DA:334,0
LF:162
LH:0
BRDA:1,0,0,1
BRF:1
BRH:1
end_of_record
TN:
SF:e2e/setup/global.setup.ts
FN:1,(empty-report)
FNF:1
FNH:1
FNDA:1,(empty-report)
DA:12,0
DA:13,0
DA:14,0
DA:15,0
DA:16,0
DA:17,0
DA:18,0
DA:19,0
DA:20,0
DA:21,0
DA:22,0
DA:23,0
DA:24,0
DA:25,0
DA:26,0
DA:29,0
DA:30,0
DA:31,0
DA:32,0
DA:33,0
DA:34,0
DA:36,0
DA:37,0
DA:38,0
DA:40,0
DA:41,0
DA:42,0
DA:43,0
DA:44,0
DA:45,0
DA:46,0
DA:47,0
DA:48,0
DA:49,0
DA:51,0
DA:52,0
DA:53,0
DA:79,0
DA:80,0
DA:82,0
LF:40
LH:0
BRDA:1,0,0,1
BRF:1
BRH:1
end_of_record
TN:
SF:e2e/teardown/global.teardown.ts
FN:1,(empty-report)
FNF:1
FNH:1
FNDA:1,(empty-report)
DA:2,0
DA:18,0
DA:19,0
DA:22,0
DA:23,0
DA:24,0
DA:25,0
DA:27,0
DA:28,0
DA:29,0
DA:30,0
DA:33,0
DA:34,0
DA:35,0
DA:36,0
DA:38,0
DA:40,0
DA:41,0
DA:42,0
DA:43,0
DA:44,0
DA:46,0
DA:47,0
DA:48,0
DA:49,0
DA:50,0
DA:51,0
DA:52,0
DA:54,0
DA:57,0
DA:58,0
DA:59,0
DA:60,0
DA:62,0
DA:63,0
DA:64,0
DA:65,0
DA:66,0
DA:68,0
DA:69,0
DA:74,0
DA:77,0
DA:78,0
DA:80,0
DA:81,0
DA:82,0
DA:83,0
DA:84,0
DA:85,0
DA:86,0
DA:87,0
DA:90,0
DA:91,0
DA:92,0
DA:93,0
DA:95,0
DA:96,0
DA:97,0
DA:98,0
DA:99,0
DA:102,0
DA:103,0
DA:104,0
DA:105,0
DA:107,0
DA:108,0
DA:109,0
DA:110,0
DA:111,0
DA:114,0
DA:115,0
DA:116,0
DA:117,0
DA:119,0
DA:120,0
DA:121,0
DA:122,0
DA:123,0
DA:126,0
DA:127,0
DA:128,0
DA:129,0
DA:131,0
DA:132,0
DA:133,0
DA:134,0
DA:135,0
DA:138,0
DA:139,0
DA:141,0
DA:142,0
DA:143,0
DA:144,0
DA:145,0
DA:146,0
DA:147,0
DA:148,0
DA:151,0
DA:152,0
DA:154,0
DA:155,0
DA:156,0
DA:157,0
DA:158,0
DA:159,0
DA:160,0
DA:161,0
DA:164,0
DA:165,0
DA:166,0
DA:167,0
DA:169,0
DA:170,0
DA:171,0
DA:172,0
DA:173,0
DA:174,0
DA:175,0
DA:176,0
DA:180,0
DA:181,0
DA:182,0
DA:183,0
DA:184,0
DA:186,0
DA:187,0
DA:188,0
DA:189,0
DA:190,0
DA:191,0
DA:192,0
DA:193,0
DA:196,0
DA:199,0
DA:200,0
DA:202,0
DA:203,0
DA:204,0
DA:206,0
DA:207,0
DA:209,0
LF:141
LH:0
BRDA:1,0,0,1
BRF:1
BRH:1
end_of_record
TN:
SF:src/components/ThemeToggle.tsx
FN:1,(empty-report)
FNF:1
FNH:0
FNDA:0,(empty-report)
DA:1,0
DA:2,0
DA:8,0
DA:9,0
DA:11,0
DA:12,0
DA:13,0
DA:14,0
DA:15,0
DA:16,0
DA:17,0
DA:18,0
DA:20,0
DA:21,0
DA:22,0
DA:23,0
DA:24,0
DA:25,0
DA:26,0
DA:27,0
DA:28,0
DA:29,0
DA:30,0
DA:31,0
DA:33,0
DA:34,0
DA:36,0
DA:37,0
DA:38,0
DA:39,0
DA:40,0
DA:41,0
DA:42,0
DA:43,0
DA:44,0
DA:45,0
DA:46,0
DA:48,0
DA:49,0
DA:50,0
DA:51,0
DA:52,0
DA:53,0
DA:54,0
DA:55,0
DA:56,0
DA:57,0
DA:59,0
DA:61,0
LF:49
LH:0
BRDA:1,0,0,0
BRF:1
BRH:0
end_of_record
TN:
SF:src/components/TopBar.tsx
FN:1,(empty-report)
FNF:1
FNH:0
FNDA:0,(empty-report)
DA:1,0
DA:2,0
DA:3,0
DA:4,0
DA:5,0
DA:25,0
DA:26,0
DA:27,0
DA:28,0
DA:29,0
DA:30,0
DA:31,0
DA:32,0
DA:33,0
DA:34,0
DA:35,0
DA:36,0
DA:38,0
DA:41,0
DA:42,0
DA:43,0
DA:44,0
DA:45,0
DA:46,0
DA:47,0
DA:49,0
DA:50,0
DA:51,0
DA:53,0
DA:54,0
DA:56,0
DA:57,0
DA:58,0
DA:59,0
DA:62,0
DA:63,0
DA:64,0
DA:65,0
DA:66,0
DA:67,0
DA:68,0
DA:70,0
DA:71,0
DA:73,0
DA:74,0
DA:75,0
DA:76,0
DA:77,0
DA:78,0
DA:79,0
DA:80,0
DA:81,0
DA:82,0
DA:84,0
DA:85,0
DA:86,0
DA:87,0
DA:88,0
DA:89,0
DA:90,0
DA:91,0
DA:92,0
DA:94,0
DA:95,0
DA:96,0
DA:97,0
DA:98,0
DA:99,0
DA:100,0
DA:101,0
DA:102,0
DA:104,0
DA:105,0
DA:107,0
DA:108,0
DA:109,0
DA:110,0
DA:111,0
DA:112,0
DA:114,0
DA:115,0
DA:117,0
DA:118,0
DA:119,0
DA:120,0
DA:121,0
DA:122,0
DA:123,0
DA:124,0
DA:126,0
DA:127,0
DA:129,0
DA:130,0
DA:131,0
DA:132,0
DA:133,0
DA:134,0
DA:136,0
DA:137,0
DA:139,0
DA:140,0
DA:141,0
DA:142,0
DA:143,0
DA:144,0
DA:146,0
DA:147,0
DA:149,0
DA:151,0
DA:152,0
DA:153,0
DA:155,0
DA:156,0
DA:157,0
DA:158,0
DA:159,0
DA:161,0
DA:162,0
DA:163,0
DA:165,0
DA:166,0
DA:167,0
DA:168,0
DA:169,0
DA:170,0
DA:172,0
DA:173,0
DA:174,0
DA:175,0
DA:176,0
DA:177,0
DA:178,0
DA:179,0
DA:180,0
DA:181,0
DA:182,0
DA:183,0
DA:184,0
DA:185,0
DA:186,0
DA:188,0
DA:189,0
DA:190,0
DA:191,0
DA:192,0
DA:193,0
DA:194,0
DA:196,0
DA:198,0
DA:199,0
DA:200,0
DA:201,0
DA:203,0
DA:205,0
DA:206,0
DA:207,0
DA:209,0
DA:212,0
DA:213,0
DA:214,0
DA:215,0
DA:216,0
DA:218,0
DA:219,0
DA:220,0
DA:221,0
DA:222,0
DA:224,0
DA:225,0
DA:228,0
DA:229,0
DA:230,0
DA:231,0
DA:232,0
DA:234,0
LF:175
LH:0
BRDA:1,0,0,0
BRF:1
BRH:0
end_of_record
TN:
SF:src/components/auth/AuthGuard.tsx
FN:1,(empty-report)
FNF:1
FNH:0
FNDA:0,(empty-report)
DA:1,0
DA:2,0
DA:3,0
DA:10,0
DA:11,0
DA:12,0
DA:14,0
DA:15,0
DA:16,0
DA:17,0
DA:20,0
DA:21,0
DA:22,0
DA:23,0
DA:24,0
DA:27,0
DA:28,0
DA:29,0
DA:30,0
DA:32,0
DA:34,0
DA:35,0
DA:36,0
DA:37,0
DA:39,0
DA:40,0
DA:41,0
DA:42,0
DA:43,0
DA:44,0
DA:45,0
DA:46,0
DA:47,0
DA:48,0
DA:49,0
DA:50,0
DA:51,0
DA:52,0
DA:53,0
DA:54,0
DA:55,0
DA:56,0
DA:58,0
DA:59,0
DA:61,0
DA:62,0
DA:63,0
DA:64,0
DA:65,0
DA:66,0
DA:68,0
DA:69,0
DA:70,0
DA:72,0
DA:74,0
DA:75,0
DA:76,0
DA:78,0
DA:79,0
LF:59
LH:0
BRDA:1,0,0,0
BRF:1
BRH:0
end_of_record
TN:
SF:src/components/auth/FormField.tsx
FN:23,FormField
FNF:1
FNH:1
FNDA:180,FormField
DA:1,1
DA:2,1
DA:23,180
DA:24,180
DA:25,180
DA:26,180
DA:27,180
DA:28,180
DA:29,180
DA:30,180
DA:31,180
DA:32,180
DA:33,180
DA:34,180
DA:35,180
DA:36,180
DA:37,180
DA:38,180
DA:39,11
DA:40,11
DA:41,11
DA:43,180
DA:45,180
LF:23
LH:23
BRDA:23,0,0,180
BRDA:38,1,0,11
BRF:2
BRH:2
end_of_record
TN:
SF:src/components/auth/LoginForm.tsx
FN:18,LoginForm
FNF:1
FNH:1
FNDA:90,LoginForm
DA:1,1
DA:2,1
DA:3,1
DA:4,1
DA:5,1
DA:6,1
DA:7,1
DA:8,1
DA:9,1
DA:18,90
DA:19,90
DA:20,90
DA:21,90
DA:22,90
DA:23,90
DA:24,90
DA:26,90
DA:27,32
DA:28,3
DA:29,3
DA:30,3
DA:31,0
DA:32,0
DA:33,3
DA:34,90
DA:36,90
DA:37,12
DA:40,12
DA:41,12
DA:44,12
DA:45,11
DA:46,12
DA:47,90
DA:49,90
DA:50,90
DA:51,90
DA:52,90
DA:53,90
DA:54,90
DA:55,90
DA:56,90
DA:57,90
DA:58,90
DA:59,90
DA:61,90
DA:63,90
DA:64,90
DA:65,90
DA:66,90
DA:67,90
DA:68,90
DA:69,90
DA:70,90
DA:71,90
DA:72,90
DA:75,90
DA:76,90
DA:77,90
DA:78,90
DA:79,90
DA:81,90
DA:82,90
DA:83,90
DA:84,90
DA:85,90
DA:86,90
DA:87,90
DA:88,90
DA:89,90
DA:90,90
DA:91,90
DA:92,90
DA:93,90
DA:94,90
DA:97,90
DA:98,90
DA:99,90
DA:100,90
DA:101,90
DA:103,90
DA:104,90
DA:105,90
DA:106,90
DA:107,90
DA:108,90
DA:109,90
DA:110,90
DA:111,90
DA:112,90
DA:113,90
DA:114,90
DA:115,90
DA:116,90
DA:119,90
DA:120,13
DA:121,13
DA:122,13
DA:123,13
DA:127,90
DA:128,90
DA:129,90
DA:130,90
DA:131,90
DA:134,90
DA:135,90
DA:136,90
DA:137,90
DA:138,90
DA:139,90
DA:140,90
DA:142,90
DA:143,90
DA:144,90
DA:145,90
DA:146,90
DA:147,90
DA:148,90
DA:150,90
DA:151,90
DA:152,90
DA:153,90
DA:154,90
DA:156,90
LF:123
LH:121
BRDA:18,0,0,90
BRDA:61,1,0,88
BRDA:77,2,0,5
BRDA:99,3,0,6
BRDA:119,4,0,84
BRDA:119,5,0,13
BRDA:122,6,0,7
BRDA:128,7,0,4
BRDA:129,8,0,4
BRDA:129,9,0,86
BRDA:26,10,0,32
BRDA:27,11,0,3
BRDA:30,12,0,0
BRDA:36,13,0,12
BRDA:41,14,0,1
BRDA:44,15,0,11
BRF:16
BRH:15
end_of_record
TN:
SF:src/components/auth/RegisterForm.tsx
FN:31,__vite_ssr_import_4__.z.object.refine.message
FN:44,RegisterForm
FN:59,handleFormSubmit
FNF:3
FNH:2
FNDA:0,__vite_ssr_import_4__.z.object.refine.message
FNDA:54,RegisterForm
FNDA:10,handleFormSubmit
DA:1,1
DA:2,1
DA:3,1
DA:4,1
DA:5,1
DA:6,1
DA:7,1
DA:8,1
DA:9,1
DA:10,1
DA:13,1
DA:14,1
DA:15,1
DA:16,1
DA:17,1
DA:18,1
DA:19,1
DA:20,1
DA:21,1
DA:22,1
DA:23,1
DA:24,1
DA:25,1
DA:26,1
DA:27,1
DA:28,1
DA:29,1
DA:30,1
DA:31,1
DA:32,1
DA:33,1
DA:34,1
DA:44,54
DA:45,54
DA:46,54
DA:47,54
DA:48,54
DA:49,54
DA:51,54
DA:52,54
DA:53,54
DA:54,54
DA:55,54
DA:56,54
DA:57,54
DA:59,54
DA:60,10
DA:62,9
DA:63,9
DA:64,9
DA:65,9
DA:66,9
DA:67,9
DA:68,10
DA:70,10
DA:71,9
DA:72,9
DA:73,10
DA:75,54
DA:77,54
DA:78,54
DA:79,54
DA:80,54
DA:81,54
DA:82,54
DA:83,54
DA:84,54
DA:85,54
DA:86,54
DA:89,54
DA:90,54
DA:91,54
DA:92,54
DA:93,54
DA:94,54
DA:95,54
DA:96,54
DA:97,54
DA:98,54
DA:99,54
DA:100,54
DA:101,54
DA:102,54
DA:103,54
DA:104,3
DA:105,3
DA:106,3
DA:108,54
DA:111,54
DA:112,54
DA:113,54
DA:114,54
DA:115,54
DA:116,54
DA:117,54
DA:118,54
DA:119,54
DA:120,54
DA:121,54
DA:122,54
DA:123,54
DA:124,54
DA:125,54
DA:126,3
DA:127,3
DA:128,3
DA:130,54
DA:132,54
DA:133,54
DA:136,54
DA:137,54
DA:138,54
DA:139,54
DA:140,54
DA:141,54
DA:142,54
DA:143,54
DA:144,54
DA:145,54
DA:146,54
DA:147,54
DA:148,54
DA:149,54
DA:150,54
DA:151,9
DA:152,9
DA:153,9
DA:155,54
DA:158,54
DA:159,3
DA:160,3
DA:161,3
DA:162,3
DA:166,54
DA:167,54
DA:168,54
DA:169,54
DA:170,54
DA:173,54
DA:174,54
DA:175,54
DA:176,54
DA:177,54
DA:178,54
DA:179,54
DA:181,54
DA:182,54
DA:183,54
DA:184,54
DA:185,54
DA:187,54
LF:151
LH:151
BRDA:44,0,0,54
BRDA:75,1,0,51
BRDA:103,2,0,3
BRDA:125,3,0,3
BRDA:150,4,0,9
BRDA:158,5,0,3
BRDA:167,6,0,12
BRDA:168,7,0,12
BRDA:168,8,0,42
BRDA:59,9,0,10
BRDA:60,10,0,1
BRDA:60,11,0,9
BRDA:67,12,0,8
BRDA:68,13,0,1
BRDA:70,14,0,9
BRF:15
BRH:15
end_of_record
TN:
SF:src/components/auth/ResetConfirmForm.tsx
FN:25,__vite_ssr_import_4__.z.object.refine.message
FN:42,ResetConfirmForm
FN:59,handleFormSubmit
FN:124,onClick
FNF:4
FNH:2
FNDA:0,__vite_ssr_import_4__.z.object.refine.message
FNDA:64,ResetConfirmForm
FNDA:7,handleFormSubmit
FNDA:0,onClick
DA:1,1
DA:2,1
DA:3,1
DA:4,1
DA:5,1
DA:6,1
DA:7,1
DA:8,1
DA:9,1
DA:10,1
DA:13,1
DA:14,1
DA:15,1
DA:16,1
DA:17,1
DA:18,1
DA:19,1
DA:20,1
DA:21,1
DA:22,1
DA:23,1
DA:24,1
DA:25,1
DA:26,1
DA:27,1
DA:28,1
DA:42,64
DA:43,64
DA:44,64
DA:45,64
DA:46,64
DA:47,64
DA:48,64
DA:49,64
DA:51,64
DA:52,64
DA:53,64
DA:54,64
DA:55,64
DA:56,64
DA:57,64
DA:59,64
DA:60,7
DA:62,6
DA:63,6
DA:64,6
DA:65,6
DA:66,6
DA:67,7
DA:69,7
DA:70,6
DA:71,6
DA:72,7
DA:74,64
DA:76,64
DA:77,11
DA:78,11
DA:79,11
DA:80,11
DA:82,11
DA:83,11
DA:84,11
DA:85,11
DA:86,11
DA:87,11
DA:90,11
DA:91,11
DA:93,11
DA:94,11
DA:95,11
DA:96,11
DA:97,11
DA:98,11
DA:99,11
DA:101,11
DA:103,64
DA:104,10
DA:105,10
DA:106,10
DA:107,10
DA:109,10
DA:110,10
DA:111,10
DA:112,10
DA:113,10
DA:114,10
DA:117,10
DA:118,10
DA:120,10
DA:121,10
DA:122,10
DA:123,10
DA:124,10
DA:125,10
DA:127,10
DA:128,10
DA:129,10
DA:130,10
DA:132,10
DA:134,43
DA:135,43
DA:136,43
DA:137,43
DA:138,43
DA:140,43
DA:141,43
DA:142,43
DA:143,43
DA:144,43
DA:145,43
DA:146,43
DA:147,43
DA:150,43
DA:151,43
DA:152,43
DA:153,43
DA:154,43
DA:155,43
DA:156,43
DA:157,43
DA:158,43
DA:159,43
DA:160,43
DA:161,43
DA:162,43
DA:163,43
DA:164,43
DA:165,2
DA:166,2
DA:167,2
DA:169,64
DA:171,64
DA:172,64
DA:175,64
DA:176,64
DA:177,64
DA:178,64
DA:179,64
DA:180,64
DA:181,64
DA:182,64
DA:183,64
DA:184,64
DA:185,64
DA:186,64
DA:187,64
DA:188,64
DA:189,64
DA:190,2
DA:191,2
DA:192,2
DA:194,64
DA:197,64
DA:198,4
DA:199,4
DA:200,4
DA:201,4
DA:205,64
DA:206,64
DA:207,64
DA:208,64
DA:209,64
DA:212,64
DA:213,64
DA:214,64
DA:215,64
DA:216,64
DA:217,64
DA:219,64
DA:220,64
DA:221,64
DA:222,64
DA:223,64
DA:225,64
LF:174
LH:174
BRDA:42,0,0,64
BRDA:74,1,0,63
BRDA:76,2,0,11
BRDA:101,3,0,53
BRDA:103,4,0,10
BRDA:132,5,0,43
BRDA:164,6,0,2
BRDA:189,7,0,2
BRDA:197,8,0,4
BRDA:206,9,0,7
BRDA:207,10,0,7
BRDA:207,11,0,36
BRDA:59,12,0,7
BRDA:60,13,0,1
BRDA:60,14,0,6
BRDA:66,15,0,5
BRDA:67,16,0,1
BRDA:69,17,0,6
BRF:18
BRH:18
end_of_record
TN:
SF:src/components/auth/ResetRequestForm.tsx
FN:31,ResetRequestForm
FN:47,handleFormSubmit
FN:80,onClick
FNF:3
FNH:3
FNDA:59,ResetRequestForm
FNDA:8,handleFormSubmit
FNDA:2,onClick
DA:1,1
DA:2,1
DA:3,1
DA:4,1
DA:5,1
DA:6,1
DA:7,1
DA:8,1
DA:9,1
DA:10,1
DA:13,1
DA:14,1
DA:15,1
DA:16,1
DA:17,1
DA:18,1
DA:19,1
DA:20,1
DA:31,59
DA:32,59
DA:33,59
DA:34,59
DA:35,59
DA:36,59
DA:37,59
DA:39,59
DA:40,59
DA:41,59
DA:42,59
DA:43,59
DA:44,59
DA:45,59
DA:47,59
DA:48,8
DA:50,7
DA:51,7
DA:52,7
DA:53,8
DA:55,8
DA:56,7
DA:57,7
DA:58,8
DA:60,59
DA:62,59
DA:63,13
DA:64,13
DA:65,13
DA:66,13
DA:67,13
DA:68,13
DA:69,13
DA:70,13
DA:71,13
DA:73,13
DA:74,13
DA:76,13
DA:77,13
DA:78,13
DA:79,13
DA:80,13
DA:81,13
DA:82,13
DA:84,13
DA:85,13
DA:86,13
DA:87,13
DA:88,13
DA:89,13
DA:90,13
DA:92,13
DA:93,13
DA:94,13
DA:95,13
DA:96,13
DA:98,13
DA:100,46
DA:101,46
DA:102,46
DA:103,46
DA:105,46
DA:106,46
DA:108,46
DA:109,46
DA:110,46
DA:111,46
DA:112,46
DA:113,46
DA:114,46
DA:115,46
DA:118,46
DA:119,46
DA:120,46
DA:121,46
DA:122,46
DA:123,46
DA:124,46
DA:125,46
DA:126,46
DA:127,46
DA:128,46
DA:129,46
DA:130,46
DA:131,46
DA:132,46
DA:133,46
DA:134,2
DA:135,2
DA:136,2
DA:138,59
DA:141,59
DA:142,4
DA:143,4
DA:144,4
DA:145,4
DA:149,59
DA:150,59
DA:151,59
DA:152,59
DA:153,59
DA:156,59
DA:157,59
DA:158,59
DA:159,59
DA:160,59
DA:161,59
DA:163,59
DA:164,59
DA:165,59
DA:166,59
DA:167,59
DA:169,59
LF:131
LH:131
BRDA:31,0,0,59
BRDA:60,1,0,57
BRDA:62,2,0,13
BRDA:98,3,0,46
BRDA:133,4,0,2
BRDA:141,5,0,4
BRDA:150,6,0,9
BRDA:151,7,0,9
BRDA:151,8,0,37
BRDA:47,9,0,8
BRDA:48,10,0,1
BRDA:48,11,0,7
BRDA:52,12,0,6
BRDA:53,13,0,1
BRDA:55,14,0,7
BRDA:80,15,0,2
BRF:16
BRH:16
end_of_record
TN:
SF:src/components/auth/hooks/useLoginForm.ts
FN:34,useLoginForm
FN:49,handleFormSubmit
FNF:2
FNH:2
FNDA:90,useLoginForm
FNDA:19,handleFormSubmit
DA:1,1
DA:2,1
DA:3,1
DA:4,1
DA:5,1
DA:6,1
DA:9,1
DA:10,1
DA:11,1
DA:12,1
DA:13,1
DA:14,1
DA:15,1
DA:16,1
DA:17,1
DA:18,1
DA:19,1
DA:20,1
DA:34,1
DA:35,90
DA:37,90
DA:38,90
DA:39,90
DA:41,90
DA:42,90
DA:43,90
DA:44,90
DA:45,90
DA:46,90
DA:47,90
DA:49,90
DA:51,19
DA:52,0
DA:53,0
DA:55,19
DA:56,19
DA:57,19
DA:58,19
DA:59,19
DA:61,19
DA:62,7
DA:63,7
DA:64,7
DA:65,6
DA:66,6
DA:67,7
DA:68,1
DA:69,1
DA:70,1
DA:71,1
DA:72,0
DA:73,1
DA:74,1
DA:76,7
DA:77,7
DA:78,7
DA:79,7
DA:80,7
DA:81,7
DA:84,12
DA:85,12
DA:87,12
DA:88,12
DA:91,6
DA:92,6
DA:93,19
DA:94,6
DA:95,6
DA:96,6
DA:97,0
DA:98,6
DA:99,6
DA:100,19
DA:101,12
DA:102,12
DA:103,12
DA:104,19
DA:106,90
DA:107,90
DA:108,90
DA:109,90
DA:110,90
DA:111,90
DA:112,90
DA:113,90
DA:114,90
DA:115,90
LF:87
LH:83
BRDA:15,0,0,32
BRDA:34,1,0,90
BRDA:49,2,0,19
BRDA:51,3,0,0
BRDA:61,4,0,7
BRDA:64,5,0,6
BRDA:67,6,0,1
BRDA:71,7,0,0
BRDA:74,8,0,0
BRDA:81,9,0,12
BRDA:88,10,0,6
BRDA:93,11,0,6
BRDA:96,12,0,0
BRDA:99,13,0,0
BRDA:100,14,0,12
BRF:15
BRH:10
end_of_record
TN:
SF:src/components/generators/GeneratorCard.tsx
FN:1,(empty-report)
FNF:1
FNH:0
FNDA:0,(empty-report)
DA:1,0
DA:8,0
DA:10,0
DA:28,0
DA:29,0
DA:30,0
DA:31,0
DA:32,0
DA:33,0
DA:34,0
DA:35,0
DA:36,0
DA:37,0
DA:38,0
DA:39,0
DA:41,0
DA:43,0
DA:45,0
DA:46,0
DA:47,0
DA:48,0
DA:50,0
DA:51,0
DA:52,0
DA:53,0
DA:54,0
DA:55,0
DA:56,0
DA:57,0
DA:58,0
DA:59,0
DA:60,0
DA:61,0
DA:62,0
DA:63,0
DA:64,0
DA:65,0
DA:66,0
DA:67,0
DA:68,0
DA:69,0
DA:70,0
DA:71,0
DA:72,0
DA:73,0
DA:74,0
DA:76,0
DA:77,0
DA:78,0
DA:79,0
DA:80,0
DA:81,0
DA:83,0
DA:84,0
DA:85,0
DA:86,0
DA:87,0
DA:89,0
LF:58
LH:0
BRDA:1,0,0,0
BRF:1
BRH:0
end_of_record
TN:
SF:src/components/generators/GeneratorsList.tsx
FN:1,(empty-report)
FNF:1
FNH:0
FNDA:0,(empty-report)
DA:1,0
DA:2,0
DA:4,0
DA:5,0
DA:6,0
DA:7,0
DA:8,0
DA:9,0
DA:10,0
DA:11,0
DA:12,0
DA:14,0
LF:12
LH:0
BRDA:1,0,0,0
BRF:1
BRH:0
end_of_record
TN:
SF:src/components/generators/generatorsMeta.ts
FN:1,(empty-report)
FNF:1
FNH:1
FNDA:1,(empty-report)
DA:7,0
DA:8,0
DA:9,0
DA:10,0
DA:11,0
DA:12,0
DA:13,0
DA:14,0
DA:15,0
DA:16,0
DA:17,0
DA:18,0
DA:19,0
DA:20,0
DA:21,0
DA:22,0
DA:23,0
DA:24,0
DA:25,0
DA:26,0
DA:27,0
DA:28,0
DA:29,0
DA:30,0
DA:31,0
DA:32,0
DA:33,0
DA:34,0
DA:35,0
DA:36,0
DA:37,0
DA:38,0
DA:39,0
DA:40,0
DA:41,0
DA:42,0
DA:43,0
DA:44,0
DA:45,0
DA:46,0
DA:47,0
DA:48,0
DA:49,0
DA:50,0
DA:51,0
DA:52,0
DA:53,0
DA:54,0
DA:55,0
DA:56,0
DA:57,0
DA:58,0
DA:59,0
DA:60,0
DA:61,0
DA:62,0
DA:63,0
DA:64,0
DA:65,0
DA:66,0
DA:67,0
DA:68,0
DA:69,0
DA:70,0
DA:71,0
DA:72,0
DA:73,0
DA:74,0
DA:75,0
DA:76,0
DA:77,0
DA:78,0
DA:79,0
DA:80,0
DA:81,0
DA:82,0
DA:83,0
DA:84,0
DA:85,0
DA:86,0
LF:80
LH:0
BRDA:1,0,0,1
BRF:1
BRH:1
end_of_record
TN:
SF:src/components/generators/generic/GenericGeneratorView.tsx
FN:1,(empty-report)
FNF:1
FNH:0
FNDA:0,(empty-report)
DA:1,0
DA:8,0
DA:9,0
DA:16,0
DA:17,0
DA:18,0
DA:19,0
DA:20,0
DA:21,0
DA:22,0
DA:23,0
DA:24,0
DA:25,0
DA:26,0
DA:27,0
DA:28,0
DA:30,0
DA:31,0
DA:32,0
DA:33,0
DA:34,0
DA:35,0
DA:36,0
DA:37,0
DA:38,0
DA:39,0
DA:40,0
DA:41,0
DA:42,0
DA:43,0
DA:44,0
DA:46,0
DA:47,0
DA:48,0
DA:49,0
DA:50,0
DA:52,0
LF:37
LH:0
BRDA:1,0,0,0
BRF:1
BRH:0
end_of_record
TN:
SF:src/components/generators/iban/FormatToggle.tsx
FN:1,(empty-report)
FNF:1
FNH:0
FNDA:0,(empty-report)
DA:1,0
DA:9,0
DA:10,0
DA:11,0
DA:12,0
DA:13,0
DA:14,0
DA:16,0
DA:17,0
DA:18,0
DA:19,0
DA:20,0
DA:21,0
DA:23,0
DA:24,0
DA:25,0
DA:26,0
DA:27,0
DA:28,0
DA:29,0
DA:31,0
DA:32,0
DA:34,0
LF:23
LH:0
BRDA:1,0,0,0
BRF:1
BRH:0
end_of_record
TN:
SF:src/components/generators/iban/GeneratorHistory.tsx
FN:1,(empty-report)
FNF:1
FNH:0
FNDA:0,(empty-report)
DA:1,0
DA:2,0
DA:9,0
DA:10,0
DA:15,0
DA:16,0
DA:35,0
DA:36,0
DA:37,0
DA:38,0
DA:39,0
DA:40,0
DA:42,0
DA:43,0
DA:44,0
DA:45,0
DA:46,0
DA:48,0
DA:49,0
DA:51,0
DA:52,0
DA:54,0
DA:55,0
DA:56,0
DA:58,0
DA:59,0
DA:61,0
DA:63,0
DA:64,0
DA:66,0
DA:67,0
DA:68,0
DA:69,0
DA:70,0
DA:71,0
DA:73,0
DA:74,0
DA:76,0
DA:77,0
DA:78,0
DA:79,0
DA:81,0
DA:82,0
DA:83,0
DA:85,0
DA:88,0
DA:89,0
DA:90,0
DA:91,0
DA:92,0
DA:93,0
DA:94,0
DA:96,0
DA:97,0
DA:98,0
DA:99,0
DA:100,0
DA:101,0
DA:102,0
DA:103,0
DA:104,0
DA:105,0
DA:106,0
DA:108,0
DA:109,0
DA:110,0
DA:111,0
DA:112,0
DA:113,0
DA:114,0
DA:115,0
DA:116,0
DA:119,0
DA:120,0
DA:122,0
DA:123,0
DA:124,0
DA:125,0
DA:126,0
DA:127,0
DA:128,0
DA:129,0
DA:130,0
DA:131,0
DA:132,0
DA:133,0
DA:134,0
DA:136,0
DA:138,0
DA:139,0
DA:140,0
DA:141,0
DA:142,0
DA:143,0
DA:144,0
DA:145,0
DA:146,0
DA:147,0
DA:148,0
DA:149,0
DA:150,0
DA:151,0
DA:152,0
DA:154,0
DA:155,0
DA:156,0
DA:157,0
DA:158,0
DA:159,0
DA:160,0
DA:162,0
DA:163,0
DA:164,0
DA:165,0
DA:166,0
DA:168,0
DA:169,0
DA:170,0
DA:171,0
DA:172,0
DA:173,0
DA:174,0
DA:175,0
DA:176,0
DA:177,0
DA:180,0
DA:181,0
DA:182,0
DA:183,0
DA:184,0
DA:186,0
DA:187,0
DA:188,0
DA:189,0
DA:190,0
DA:191,0
DA:192,0
DA:193,0
DA:194,0
DA:195,0
DA:196,0
DA:198,0
DA:199,0
DA:200,0
DA:201,0
DA:202,0
DA:203,0
DA:204,0
DA:206,0
DA:207,0
DA:208,0
DA:209,0
DA:210,0
DA:211,0
DA:212,0
DA:213,0
DA:214,0
DA:215,0
DA:216,0
DA:217,0
DA:219,0
LF:161
LH:0
BRDA:1,0,0,0
BRF:1
BRH:0
end_of_record
TN:
SF:src/components/generators/iban/IBANGeneratorForm.tsx
FN:49,IBANGeneratorForm
FN:66,validateSeed
FN:88,handleSeedChange
FN:94,handleSubmit
FN:136,onValueChange
FN:157,onChange
FNF:6
FNH:5
FNDA:114,IBANGeneratorForm
FNDA:67,validateSeed
FNDA:62,handleSeedChange
FNDA:5,handleSubmit
FNDA:0,onValueChange
FNDA:62,onChange
DA:1,1
DA:2,1
DA:9,1
DA:10,1
DA:11,1
DA:12,1
DA:19,1
DA:20,1
DA:21,1
DA:22,1
DA:23,1
DA:46,1
DA:47,1
DA:49,114
DA:50,114
DA:51,114
DA:52,114
DA:53,114
DA:54,114
DA:55,114
DA:56,114
DA:57,114
DA:58,114
DA:59,114
DA:60,114
DA:61,114
DA:62,114
DA:63,114
DA:64,114
DA:66,114
DA:67,67
DA:68,4
DA:69,4
DA:70,4
DA:72,67
DA:73,1
DA:74,1
DA:75,1
DA:77,67
DA:78,11
DA:79,11
DA:80,11
DA:81,11
DA:82,11
DA:84,51
DA:85,51
DA:86,67
DA:88,114
DA:89,62
DA:90,62
DA:91,62
DA:92,62
DA:94,114
DA:95,5
DA:98,5
DA:99,0
DA:100,0
DA:102,5
DA:104,5
DA:105,5
DA:106,5
DA:107,5
DA:109,5
DA:111,5
DA:112,5
DA:113,5
DA:114,5
DA:116,114
DA:117,114
DA:118,114
DA:119,114
DA:120,114
DA:121,114
DA:124,114
DA:125,114
DA:126,114
DA:127,114
DA:128,114
DA:129,114
DA:130,114
DA:132,114
DA:133,114
DA:134,114
DA:135,114
DA:136,114
DA:138,114
DA:139,114
DA:140,114
DA:141,114
DA:142,114
DA:143,114
DA:144,114
DA:145,114
DA:146,114
DA:147,114
DA:149,114
DA:150,114
DA:151,114
DA:152,114
DA:153,114
DA:154,114
DA:155,114
DA:156,114
DA:157,114
DA:158,114
DA:159,114
DA:160,114
DA:161,114
DA:162,114
DA:163,114
DA:164,12
DA:165,12
DA:166,12
DA:168,102
DA:169,102
DA:171,102
DA:173,114
DA:175,114
DA:176,2
DA:177,2
DA:178,2
DA:179,2
DA:182,114
DA:183,114
DA:184,114
DA:185,114
DA:186,114
DA:188,114
DA:189,3
DA:190,3
DA:192,3
DA:194,111
DA:196,114
DA:197,114
DA:198,114
DA:199,114
DA:201,114
DA:202,7
DA:203,7
DA:204,7
DA:205,7
DA:206,7
DA:208,7
DA:209,7
DA:210,7
DA:211,7
DA:212,7
DA:213,7
DA:215,114
DA:217,114
LF:150
LH:148
BRDA:49,0,0,114
BRDA:63,1,0,2
BRDA:63,2,0,112
BRDA:160,3,0,12
BRDA:160,4,0,102
BRDA:163,5,0,12
BRDA:166,6,0,102
BRDA:175,7,0,2
BRDA:185,8,0,111
BRDA:188,9,0,3
BRDA:192,10,0,111
BRDA:201,11,0,7
BRDA:66,12,0,67
BRDA:67,13,0,4
BRDA:70,14,0,63
BRDA:72,15,0,1
BRDA:75,16,0,62
BRDA:77,17,0,11
BRDA:82,18,0,51
BRDA:88,19,0,62
BRDA:91,20,0,2
BRDA:94,21,0,5
BRDA:98,22,0,0
BRDA:106,23,0,2
BRDA:157,24,0,62
BRF:25
BRH:24
end_of_record
TN:
SF:src/components/generators/iban/IBANGeneratorView.tsx
FN:24,ibanViewReducer
FN:70,IBANGeneratorView
FN:109,handleGenerated
FN:114,handleHistorySelect
FN:118,handleCountryChange
FN:122,handleSeedChange
FN:126,handleFormatChange
FN:130,handleLoadingChange
FN:134,handleError
FN:138,handleInputChange
FN:142,handleValidated
FN:151,onValueChange
FNF:12
FNH:12
FNDA:32,ibanViewReducer
FNDA:75,IBANGeneratorView
FNDA:4,handleGenerated
FNDA:2,handleHistorySelect
FNDA:4,handleCountryChange
FNDA:1,handleSeedChange
FNDA:3,handleFormatChange
FNDA:2,handleLoadingChange
FNDA:2,handleError
FNDA:1,handleInputChange
FNDA:1,handleValidated
FNDA:9,onValueChange
DA:1,1
DA:2,1
DA:3,1
DA:4,1
DA:5,1
DA:6,1
DA:7,1
DA:8,1
DA:24,32
DA:25,32
DA:26,32
DA:27,32
DA:28,32
DA:29,32
DA:30,10
DA:31,32
DA:32,5
DA:33,32
DA:34,1
DA:35,32
DA:36,4
DA:37,32
DA:38,4
DA:39,32
DA:40,1
DA:41,32
DA:42,1
DA:43,32
DA:44,2
DA:45,32
DA:46,2
DA:47,32
DA:48,0
DA:49,32
DA:50,2
DA:51,2
DA:52,2
DA:53,2
DA:54,2
DA:55,2
DA:56,2
DA:57,32
DA:58,0
DA:59,32
DA:60,32
DA:62,1
DA:63,1
DA:64,1
DA:65,1
DA:66,1
DA:67,1
DA:68,1
DA:70,75
DA:71,75
DA:72,75
DA:73,75
DA:74,75
DA:75,75
DA:76,75
DA:79,75
DA:80,39
DA:81,39
DA:82,39
DA:83,2
DA:84,2
DA:85,2
DA:86,1
DA:87,1
DA:88,1
DA:89,2
DA:90,39
DA:91,2
DA:92,2
DA:93,75
DA:96,75
DA:97,56
DA:98,56
DA:99,56
DA:100,56
DA:101,56
DA:102,56
DA:103,56
DA:104,56
DA:105,2
DA:106,2
DA:107,75
DA:109,75
DA:110,4
DA:111,4
DA:112,4
DA:114,75
DA:115,2
DA:116,2
DA:118,75
DA:119,4
DA:120,4
DA:122,75
DA:123,1
DA:124,1
DA:126,75
DA:127,3
DA:128,3
DA:130,75
DA:131,2
DA:132,2
DA:134,75
DA:135,2
DA:136,2
DA:138,75
DA:139,1
DA:140,1
DA:142,75
DA:143,1
DA:144,1
DA:146,75
DA:147,75
DA:148,75
DA:149,75
DA:150,75
DA:151,75
DA:152,9
DA:153,9
DA:154,9
DA:155,9
DA:158,75
DA:159,75
DA:160,75
DA:161,75
DA:163,75
DA:164,75
DA:165,75
DA:166,75
DA:167,75
DA:168,75
DA:169,75
DA:170,75
DA:171,75
DA:172,75
DA:173,75
DA:174,75
DA:175,75
DA:176,75
DA:177,75
DA:178,75
DA:180,75
DA:181,75
DA:182,75
DA:183,75
DA:184,75
DA:185,75
DA:186,75
DA:187,75
DA:188,75
DA:189,75
DA:190,75
DA:191,75
DA:192,75
DA:193,75
DA:195,75
DA:196,75
DA:197,75
DA:198,75
DA:199,75
DA:200,75
DA:201,75
DA:203,75
DA:204,75
DA:206,75
LF:168
LH:166
BRDA:24,0,0,32
BRDA:29,1,0,10
BRDA:31,2,0,5
BRDA:33,3,0,1
BRDA:35,4,0,4
BRDA:37,5,0,4
BRDA:39,6,0,1
BRDA:41,7,0,1
BRDA:43,8,0,2
BRDA:45,9,0,2
BRDA:47,10,0,0
BRDA:49,11,0,2
BRDA:57,12,0,0
BRDA:70,13,0,75
BRDA:79,14,0,39
BRDA:82,15,0,2
BRDA:85,16,0,1
BRDA:90,17,0,2
BRDA:96,18,0,56
BRDA:104,19,0,2
BRDA:109,20,0,4
BRDA:114,21,0,2
BRDA:118,22,0,4
BRDA:122,23,0,1
BRDA:126,24,0,3
BRDA:130,25,0,2
BRDA:134,26,0,2
BRDA:138,27,0,1
BRDA:142,28,0,1
BRDA:151,29,0,9
BRF:30
BRH:28
end_of_record
TN:
SF:src/components/generators/iban/IBANResult.tsx
FN:1,(empty-report)
FNF:1
FNH:0
FNDA:0,(empty-report)
DA:1,0
DA:8,0
DA:9,0
DA:10,0
DA:11,0
DA:19,0
DA:20,0
DA:21,0
DA:23,0
DA:24,0
DA:26,0
DA:27,0
DA:28,0
DA:29,0
DA:30,0
DA:32,0
DA:33,0
DA:34,0
DA:35,0
DA:36,0
DA:37,0
DA:38,0
DA:39,0
DA:40,0
DA:42,0
DA:43,0
DA:45,0
DA:46,0
DA:47,0
DA:48,0
DA:49,0
DA:50,0
DA:51,0
DA:52,0
DA:53,0
DA:54,0
DA:55,0
DA:56,0
DA:58,0
DA:60,0
DA:61,0
DA:62,0
DA:63,0
DA:64,0
DA:65,0
DA:66,0
DA:67,0
DA:68,0
DA:70,0
DA:71,0
DA:73,0
DA:75,0
DA:76,0
DA:77,0
DA:78,0
DA:79,0
DA:80,0
DA:81,0
DA:82,0
DA:83,0
DA:84,0
DA:86,0
DA:87,0
DA:88,0
DA:89,0
DA:91,0
LF:66
LH:0
BRDA:1,0,0,0
BRF:1
BRH:0
end_of_record
TN:
SF:src/components/generators/iban/IBANValidatorForm.tsx
FN:29,IBANValidatorForm
FN:42,normalizeIban
FN:97,handleInputChange
FN:103,handlePaste
FN:111,handleSubmit
FN:159,onChange
FNF:6
FNH:6
FNDA:232,IBANValidatorForm
FNDA:190,normalizeIban
FNDA:171,handleInputChange
FNDA:5,handlePaste
FNDA:6,handleSubmit
FNDA:166,onChange
DA:1,1
DA:2,1
DA:9,1
DA:10,1
DA:11,1
DA:12,1
DA:13,1
DA:14,1
DA:15,1
DA:29,232
DA:30,232
DA:31,232
DA:32,232
DA:33,232
DA:34,232
DA:35,232
DA:36,232
DA:37,232
DA:38,232
DA:39,232
DA:40,232
DA:42,232
DA:44,190
DA:45,190
DA:47,232
DA:48,179
DA:50,179
DA:51,2
DA:52,2
DA:53,2
DA:56,179
DA:57,1
DA:58,1
DA:59,1
DA:62,179
DA:63,103
DA:64,103
DA:65,103
DA:68,179
DA:69,1
DA:70,1
DA:71,1
DA:74,179
DA:75,1
DA:76,1
DA:77,1
DA:80,179
DA:81,1
DA:82,1
DA:83,1
DA:85,70
DA:86,70
DA:87,232
DA:90,232
DA:91,52
DA:92,2
DA:93,2
DA:94,2
DA:95,232
DA:97,232
DA:98,171
DA:99,171
DA:100,171
DA:101,171
DA:103,232
DA:105,5
DA:106,5
DA:107,5
DA:108,5
DA:109,5
DA:111,232
DA:112,6
DA:115,6
DA:116,0
DA:117,0
DA:119,6
DA:121,6
DA:122,0
DA:123,0
DA:124,0
DA:126,6
DA:128,6
DA:130,6
DA:132,6
DA:133,5
DA:134,5
DA:135,6
DA:137,232
DA:138,232
DA:139,232
DA:140,232
DA:141,232
DA:142,232
DA:145,232
DA:146,232
DA:147,232
DA:148,232
DA:149,232
DA:150,232
DA:151,232
DA:153,232
DA:154,232
DA:155,232
DA:156,232
DA:157,232
DA:158,232
DA:159,232
DA:160,232
DA:161,232
DA:162,232
DA:163,232
DA:164,232
DA:165,232
DA:166,232
DA:167,232
DA:168,107
DA:169,107
DA:170,107
DA:172,125
DA:175,125
DA:177,232
DA:179,232
DA:180,2
DA:181,2
DA:182,2
DA:183,2
DA:186,232
DA:187,232
DA:188,232
DA:189,232
DA:191,232
DA:192,2
DA:193,2
DA:195,2
DA:197,230
DA:199,232
DA:200,232
DA:201,232
DA:202,232
DA:204,232
DA:205,6
DA:206,6
DA:207,6
DA:208,6
DA:210,232
DA:212,232
LF:146
LH:141
BRDA:29,0,0,232
BRDA:39,1,0,228
BRDA:163,2,0,107
BRDA:163,3,0,125
BRDA:167,4,0,107
BRDA:170,5,0,125
BRDA:179,6,0,2
BRDA:189,7,0,230
BRDA:189,8,0,123
BRDA:191,9,0,2
BRDA:195,10,0,230
BRDA:204,11,0,6
BRDA:42,12,0,190
BRDA:47,13,0,179
BRDA:50,14,0,2
BRDA:53,15,0,177
BRDA:56,16,0,1
BRDA:59,17,0,176
BRDA:62,18,0,103
BRDA:65,19,0,73
BRDA:68,20,0,1
BRDA:71,21,0,72
BRDA:74,22,0,1
BRDA:77,23,0,71
BRDA:80,24,0,1
BRDA:83,25,0,70
BRDA:90,26,0,52
BRDA:91,27,0,2
BRDA:97,28,0,171
BRDA:103,29,0,5
BRDA:111,30,0,6
BRDA:115,31,0,0
BRDA:121,32,0,0
BRDA:132,33,0,5
BRDA:159,34,0,166
BRF:35
BRH:33
end_of_record
TN:
SF:src/components/generators/iban/ValidationResult.tsx
FN:1,(empty-report)
FNF:1
FNH:0
FNDA:0,(empty-report)
DA:1,0
DA:2,0
DA:3,0
DA:10,0
DA:11,0
DA:12,0
DA:13,0
DA:14,0
DA:15,0
DA:16,0
DA:18,0
DA:19,0
DA:20,0
DA:22,0
DA:24,0
DA:25,0
DA:26,0
DA:27,0
DA:28,0
DA:29,0
DA:31,0
DA:32,0
DA:33,0
DA:34,0
DA:35,0
DA:36,0
DA:37,0
DA:38,0
DA:40,0
DA:41,0
DA:42,0
DA:44,0
LF:32
LH:0
BRDA:1,0,0,0
BRF:1
BRH:0
end_of_record
TN:
SF:src/components/landing/BenefitItem.tsx
FN:14,BenefitItem
FNF:1
FNH:1
FNDA:4,BenefitItem
DA:1,1
DA:14,1
DA:15,4
DA:16,4
DA:17,4
DA:18,4
DA:19,4
DA:20,4
DA:21,4
DA:22,4
DA:23,4
DA:24,4
DA:25,4
DA:26,4
DA:28,4
DA:30,1
LF:16
LH:16
BRDA:14,0,0,4
BRF:1
BRH:1
end_of_record
TN:
SF:src/components/landing/BenefitsSection.tsx
FN:1,(empty-report)
FNF:1
FNH:0
FNDA:0,(empty-report)
DA:1,0
DA:2,0
DA:3,0
DA:9,0
DA:10,0
DA:11,0
DA:12,0
DA:13,0
DA:14,0
DA:15,0
DA:16,0
DA:17,0
DA:18,0
DA:19,0
DA:20,0
DA:21,0
DA:22,0
DA:23,0
DA:24,0
DA:25,0
DA:26,0
DA:27,0
DA:28,0
DA:29,0
DA:31,0
DA:32,0
DA:33,0
DA:35,0
DA:36,0
DA:37,0
DA:38,0
DA:39,0
DA:40,0
DA:41,0
DA:42,0
DA:43,0
DA:44,0
DA:45,0
DA:46,0
DA:48,0
DA:50,0
LF:41
LH:0
BRDA:1,0,0,0
BRF:1
BRH:0
end_of_record
TN:
SF:src/components/landing/CallToAction.tsx
FN:1,(empty-report)
FNF:1
FNH:0
FNDA:0,(empty-report)
DA:1,0
DA:7,0
DA:8,0
DA:9,0
DA:10,0
DA:12,0
DA:13,0
DA:14,0
DA:15,0
DA:16,0
DA:17,0
DA:19,0
DA:20,0
DA:21,0
DA:22,0
DA:23,0
DA:25,0
DA:26,0
DA:27,0
DA:29,0
DA:31,0
LF:21
LH:0
BRDA:1,0,0,0
BRF:1
BRH:0
end_of_record
TN:
SF:src/components/landing/FeatureCard.tsx
FN:17,FeatureCard
FNF:1
FNH:1
FNDA:29,FeatureCard
DA:1,1
DA:2,1
DA:17,1
DA:18,29
DA:19,29
DA:20,29
DA:21,29
DA:22,29
DA:23,29
DA:24,29
DA:25,29
DA:26,29
DA:27,29
DA:28,29
DA:29,29
DA:30,29
DA:31,29
DA:32,29
DA:33,29
DA:34,29
DA:35,29
DA:36,29
DA:38,29
DA:39,29
DA:40,29
DA:41,29
DA:43,29
DA:45,1
LF:28
LH:28
BRDA:17,0,0,29
BRF:1
BRH:1
end_of_record
TN:
SF:src/components/landing/FeatureGrid.tsx
FN:9,FeatureGrid
FNF:1
FNH:1
FNDA:6,FeatureGrid
DA:1,1
DA:2,1
DA:3,1
DA:9,1
DA:10,6
DA:11,6
DA:12,6
DA:13,6
DA:14,6
DA:15,6
DA:16,6
DA:17,6
DA:18,6
DA:19,6
DA:20,6
DA:21,6
DA:22,6
DA:23,6
DA:24,6
DA:25,6
DA:26,6
DA:27,6
DA:28,6
DA:29,6
DA:30,6
DA:31,6
DA:32,6
DA:33,6
DA:34,6
DA:35,6
DA:36,6
DA:37,6
DA:38,6
DA:39,6
DA:40,6
DA:41,6
DA:42,6
DA:43,6
DA:45,6
DA:46,6
DA:47,6
DA:48,24
DA:49,24
DA:50,24
DA:51,24
DA:52,24
DA:53,24
DA:54,24
DA:55,24
DA:56,6
DA:57,6
DA:59,6
DA:61,1
LF:53
LH:53
BRDA:9,0,0,6
BRDA:47,1,0,24
BRF:2
BRH:2
end_of_record
TN:
SF:src/components/landing/HeroSection.tsx
FN:1,(empty-report)
FNF:1
FNH:0
FNDA:0,(empty-report)
DA:1,0
DA:7,0
DA:8,0
DA:9,0
DA:10,0
DA:11,0
DA:13,0
DA:14,0
DA:18,0
DA:19,0
DA:21,0
DA:23,0
LF:12
LH:0
BRDA:1,0,0,0
BRF:1
BRH:0
end_of_record
TN:
SF:src/components/ui/alert-dialog.tsx
FN:1,(empty-report)
FNF:1
FNH:0
FNDA:0,(empty-report)
DA:1,0
DA:2,0
DA:4,0
DA:5,0
DA:7,0
DA:8,0
DA:9,0
DA:10,0
DA:11,0
DA:13,0
DA:14,0
DA:15,0
DA:16,0
DA:17,0
DA:19,0
DA:21,0
DA:22,0
DA:23,0
DA:24,0
DA:25,0
DA:27,0
DA:29,0
DA:30,0
DA:31,0
DA:32,0
DA:33,0
DA:34,0
DA:35,0
DA:36,0
DA:37,0
DA:38,0
DA:39,0
DA:40,0
DA:41,0
DA:43,0
DA:45,0
DA:46,0
DA:47,0
DA:48,0
DA:49,0
DA:50,0
DA:51,0
DA:52,0
DA:53,0
DA:54,0
DA:55,0
DA:56,0
DA:57,0
DA:58,0
DA:59,0
DA:60,0
DA:62,0
DA:64,0
DA:65,0
DA:66,0
DA:67,0
DA:68,0
DA:69,0
DA:70,0
DA:71,0
DA:72,0
DA:73,0
DA:75,0
DA:77,0
DA:78,0
DA:79,0
DA:80,0
DA:81,0
DA:82,0
DA:83,0
DA:84,0
DA:85,0
DA:86,0
DA:87,0
DA:88,0
DA:89,0
DA:91,0
DA:93,0
DA:94,0
DA:95,0
DA:96,0
DA:97,0
DA:98,0
DA:99,0
DA:100,0
DA:101,0
DA:102,0
DA:104,0
DA:106,0
DA:107,0
DA:108,0
DA:109,0
DA:110,0
DA:111,0
DA:112,0
DA:113,0
DA:114,0
DA:115,0
DA:117,0
DA:119,0
DA:120,0
DA:121,0
DA:122,0
DA:123,0
DA:124,0
DA:125,0
DA:126,0
DA:127,0
DA:129,0
DA:131,0
DA:132,0
DA:133,0
DA:134,0
DA:135,0
DA:136,0
DA:137,0
DA:138,0
DA:139,0
DA:141,0
LF:119
LH:0
BRDA:1,0,0,0
BRF:1
BRH:0
end_of_record
TN:
SF:src/components/ui/alert.tsx
FN:22,Alert
FN:38,AlertTitle
FN:52,AlertDescription
FNF:3
FNH:2
FNDA:62,Alert
FNDA:0,AlertTitle
FNDA:62,AlertDescription
DA:1,1
DA:2,1
DA:4,1
DA:6,1
DA:7,1
DA:8,1
DA:9,1
DA:10,1
DA:11,1
DA:12,1
DA:13,1
DA:14,1
DA:15,1
DA:16,1
DA:17,1
DA:18,1
DA:19,1
DA:20,1
DA:22,62
DA:23,62
DA:24,62
DA:25,62
DA:26,62
DA:27,62
DA:28,62
DA:29,62
DA:30,62
DA:31,62
DA:32,62
DA:33,62
DA:34,62
DA:36,62
DA:38,0
DA:39,0
DA:40,0
DA:41,0
DA:42,0
DA:43,0
DA:44,0
DA:45,0
DA:46,0
DA:47,0
DA:48,0
DA:50,0
DA:52,62
DA:53,62
DA:54,62
DA:55,62
DA:56,62
DA:57,62
DA:58,62
DA:59,62
DA:60,62
DA:61,62
DA:62,62
DA:63,62
DA:64,62
DA:65,62
DA:67,62
LF:59
LH:47
BRDA:22,0,0,62
BRDA:52,1,0,62
BRF:2
BRH:2
end_of_record
TN:
SF:src/components/ui/button.tsx
FN:38,Button
FNF:1
FNH:1
FNDA:608,Button
DA:1,1
DA:2,1
DA:3,1
DA:5,1
DA:7,1
DA:8,1
DA:9,1
DA:10,1
DA:11,1
DA:12,1
DA:13,1
DA:14,1
DA:15,1
DA:16,1
DA:17,1
DA:18,1
DA:19,1
DA:20,1
DA:21,1
DA:22,1
DA:23,1
DA:24,1
DA:25,1
DA:26,1
DA:27,1
DA:28,1
DA:29,1
DA:30,1
DA:31,1
DA:32,1
DA:33,1
DA:34,1
DA:35,1
DA:36,1
DA:38,608
DA:39,608
DA:40,608
DA:41,608
DA:42,608
DA:43,608
DA:44,608
DA:47,608
DA:48,608
DA:50,608
DA:51,608
DA:52,608
DA:53,608
DA:54,608
DA:55,608
DA:57,608
LF:50
LH:50
BRDA:38,0,0,608
BRDA:48,1,0,12
BRDA:48,2,0,596
BRF:3
BRH:3
end_of_record
TN:
SF:src/components/ui/card.tsx
FN:5,Card
FN:19,CardHeader
FN:33,CardTitle
FN:44,CardDescription
FN:55,CardAction
FN:69,CardContent
FN:80,CardFooter
FNF:7
FNH:5
FNDA:636,Card
FNDA:607,CardHeader
FNDA:607,CardTitle
FNDA:340,CardDescription
FNDA:0,CardAction
FNDA:636,CardContent
FNDA:0,CardFooter
DA:1,1
DA:3,1
DA:5,636
DA:6,636
DA:7,636
DA:8,636
DA:9,636
DA:10,636
DA:11,636
DA:12,636
DA:13,636
DA:14,636
DA:15,636
DA:17,636
DA:19,607
DA:20,607
DA:21,607
DA:22,607
DA:23,607
DA:24,607
DA:25,607
DA:26,607
DA:27,607
DA:28,607
DA:29,607
DA:31,607
DA:33,607
DA:34,607
DA:35,607
DA:36,607
DA:37,607
DA:38,607
DA:39,607
DA:40,607
DA:42,607
DA:44,340
DA:45,340
DA:46,340
DA:47,340
DA:48,340
DA:49,340
DA:50,340
DA:51,340
DA:53,340
DA:55,0
DA:56,0
DA:57,0
DA:58,0
DA:59,0
DA:60,0
DA:61,0
DA:62,0
DA:63,0
DA:64,0
DA:65,0
DA:67,0
DA:69,636
DA:70,636
DA:71,636
DA:72,636
DA:73,636
DA:74,636
DA:75,636
DA:76,636
DA:78,636
DA:80,0
DA:81,0
DA:82,0
DA:83,0
DA:84,0
DA:85,0
DA:86,0
DA:87,0
DA:89,0
LF:74
LH:53
BRDA:5,0,0,636
BRDA:19,1,0,607
BRDA:33,2,0,607
BRDA:44,3,0,340
BRDA:69,4,0,636
BRF:5
BRH:5
end_of_record
TN:
SF:src/components/ui/collapsible.tsx
FN:1,(empty-report)
FNF:1
FNH:0
FNDA:0,(empty-report)
DA:1,0
DA:3,0
DA:4,0
DA:5,0
DA:6,0
DA:7,0
DA:9,0
DA:10,0
DA:11,0
DA:12,0
DA:13,0
DA:14,0
DA:15,0
DA:16,0
DA:18,0
DA:20,0
DA:21,0
DA:22,0
DA:23,0
DA:24,0
DA:25,0
DA:26,0
DA:27,0
DA:29,0
LF:24
LH:0
BRDA:1,0,0,0
BRF:1
BRH:0
end_of_record
TN:
SF:src/components/ui/input.tsx
FN:5,Input
FNF:1
FNH:1
FNDA:814,Input
DA:1,1
DA:3,1
DA:5,814
DA:6,814
DA:7,814
DA:8,814
DA:9,814
DA:10,814
DA:11,814
DA:12,814
DA:13,814
DA:14,814
DA:15,814
DA:16,814
DA:17,814
DA:18,814
DA:20,814
LF:17
LH:17
BRDA:5,0,0,814
BRF:1
BRH:1
end_of_record
TN:
SF:src/components/ui/label.tsx
FN:6,Label
FNF:1
FNH:1
FNDA:928,Label
DA:1,1
DA:2,1
DA:4,1
DA:6,928
DA:7,928
DA:8,928
DA:9,928
DA:10,928
DA:11,928
DA:12,928
DA:13,928
DA:14,928
DA:15,928
DA:16,928
DA:17,928
DA:18,928
DA:20,928
LF:17
LH:17
BRDA:6,0,0,928
BRF:1
BRH:1
end_of_record
TN:
SF:src/components/ui/select.tsx
FN:7,Select
FN:13,SelectGroup
FN:19,SelectValue
FN:25,SelectTrigger
FN:51,SelectContent
FN:88,SelectLabel
FN:101,SelectItem
FN:125,SelectSeparator
FN:138,SelectScrollUpButton
FN:156,SelectScrollDownButton
FNF:10
FNH:7
FNDA:114,Select
FNDA:0,SelectGroup
FNDA:114,SelectValue
FNDA:114,SelectTrigger
FNDA:114,SelectContent
FNDA:0,SelectLabel
FNDA:342,SelectItem
FNDA:0,SelectSeparator
FNDA:114,SelectScrollUpButton
FNDA:114,SelectScrollDownButton
DA:1,1
DA:2,1
DA:3,1
DA:5,1
DA:7,114
DA:8,114
DA:9,114
DA:10,114
DA:11,114
DA:13,0
DA:14,0
DA:15,0
DA:16,0
DA:17,0
DA:19,114
DA:20,114
DA:21,114
DA:22,114
DA:23,114
DA:25,114
DA:26,114
DA:27,114
DA:28,114
DA:29,114
DA:30,114
DA:32,114
DA:33,114
DA:34,114
DA:35,114
DA:36,114
DA:37,114
DA:38,114
DA:39,114
DA:40,114
DA:41,114
DA:43,114
DA:44,114
DA:45,114
DA:46,114
DA:47,114
DA:49,114
DA:51,114
DA:52,114
DA:53,114
DA:54,114
DA:55,114
DA:56,114
DA:57,114
DA:58,114
DA:59,114
DA:60,114
DA:61,114
DA:62,114
DA:63,114
DA:64,114
DA:65,114
DA:66,114
DA:67,114
DA:68,114
DA:69,114
DA:70,114
DA:72,114
DA:73,114
DA:74,114
DA:75,114
DA:76,114
DA:77,114
DA:78,114
DA:80,114
DA:81,114
DA:82,114
DA:83,114
DA:84,114
DA:86,114
DA:88,0
DA:89,0
DA:90,0
DA:91,0
DA:92,0
DA:93,0
DA:94,0
DA:95,0
DA:96,0
DA:97,0
DA:99,0
DA:101,342
DA:102,342
DA:103,342
DA:104,342
DA:105,342
DA:106,342
DA:107,342
DA:108,342
DA:109,342
DA:110,342
DA:111,342
DA:112,342
DA:113,342
DA:115,342
DA:116,342
DA:117,342
DA:118,342
DA:119,342
DA:120,342
DA:121,342
DA:123,342
DA:125,0
DA:126,0
DA:127,0
DA:128,0
DA:129,0
DA:130,0
DA:131,0
DA:132,0
DA:133,0
DA:134,0
DA:136,0
DA:138,114
DA:139,114
DA:140,114
DA:141,114
DA:142,114
DA:143,114
DA:144,114
DA:145,114
DA:146,114
DA:147,114
DA:148,114
DA:149,114
DA:151,114
DA:152,114
DA:154,114
DA:156,114
DA:157,114
DA:158,114
DA:159,114
DA:160,114
DA:161,114
DA:162,114
DA:163,114
DA:164,114
DA:165,114
DA:166,114
DA:167,114
DA:169,114
DA:170,114
DA:172,114
LF:147
LH:120
BRDA:7,0,0,114
BRDA:19,1,0,114
BRDA:25,2,0,114
BRDA:51,3,0,114
BRDA:101,4,0,342
BRDA:138,5,0,114
BRDA:156,6,0,114
BRF:7
BRH:7
end_of_record
TN:
SF:src/components/ui/sonner.tsx
FN:1,(empty-report)
FNF:1
FNH:0
FNDA:0,(empty-report)
DA:1,0
DA:8,0
DA:9,0
DA:11,0
DA:12,0
DA:14,0
DA:15,0
DA:16,0
DA:17,0
DA:18,0
DA:19,0
DA:20,0
DA:21,0
DA:22,0
DA:23,0
DA:24,0
DA:25,0
DA:26,0
DA:27,0
DA:28,0
DA:29,0
DA:30,0
DA:31,0
DA:33,0
DA:34,0
DA:36,0
LF:26
LH:0
BRDA:1,0,0,0
BRF:1
BRH:0
end_of_record
TN:
SF:src/components/ui/tabs.tsx
FN:6,Tabs
FN:19,TabsList
FN:35,TabsTrigger
FN:51,TabsContent
FNF:4
FNH:4
FNDA:73,Tabs
FNDA:72,TabsList
FNDA:144,TabsTrigger
FNDA:143,TabsContent
DA:1,1
DA:2,1
DA:4,1
DA:6,73
DA:7,73
DA:8,73
DA:9,73
DA:10,73
DA:11,73
DA:12,73
DA:13,73
DA:14,73
DA:15,73
DA:17,73
DA:19,72
DA:20,72
DA:21,72
DA:22,72
DA:23,72
DA:24,72
DA:25,72
DA:26,72
DA:27,72
DA:28,72
DA:29,72
DA:30,72
DA:31,72
DA:33,72
DA:35,144
DA:36,144
DA:37,144
DA:38,144
DA:39,144
DA:40,144
DA:41,144
DA:42,144
DA:43,144
DA:44,144
DA:45,144
DA:46,144
DA:47,144
DA:49,144
DA:51,143
DA:52,143
DA:53,143
DA:54,143
DA:55,143
DA:56,143
DA:57,143
DA:58,143
DA:59,143
DA:60,143
DA:62,143
LF:53
LH:53
BRDA:6,0,0,73
BRDA:19,1,0,72
BRDA:35,2,0,144
BRDA:51,3,0,143
BRF:4
BRH:4
end_of_record
TN:
SF:src/db/database.types.ts
FN:1,(empty-report)
FNF:1
FNH:1
FNDA:1,(empty-report)
DA:695,0
DA:696,0
DA:697,0
DA:698,0
DA:699,0
DA:700,0
DA:701,0
DA:702,0
LF:8
LH:0
BRDA:1,0,0,1
BRF:1
BRH:1
end_of_record
TN:
SF:src/db/supabase.client.ts
FN:1,(empty-report)
FNF:1
FNH:1
FNDA:1,(empty-report)
DA:2,0
DA:5,0
DA:6,0
DA:7,0
DA:8,0
DA:9,0
DA:10,0
DA:12,0
DA:13,0
DA:14,0
DA:15,0
DA:16,0
DA:17,0
DA:18,0
DA:19,0
DA:21,0
DA:24,0
DA:25,0
DA:26,0
DA:27,0
DA:28,0
DA:29,0
DA:30,0
DA:31,0
DA:32,0
DA:33,0
DA:34,0
DA:35,0
DA:36,0
DA:37,0
DA:38,0
DA:39,0
DA:40,0
DA:41,0
DA:43,0
DA:44,0
DA:47,0
DA:48,0
DA:50,0
DA:51,0
DA:52,0
DA:53,0
DA:54,0
DA:55,0
DA:56,0
DA:57,0
DA:58,0
DA:59,0
DA:61,0
DA:62,0
DA:63,0
DA:64,0
LF:52
LH:0
BRDA:1,0,0,1
BRF:1
BRH:1
end_of_record
TN:
SF:src/features/config.integration.ts
FNF:0
FNH:0
DA:3,1
DA:4,1
DA:5,1
DA:6,1
DA:7,1
DA:8,1
DA:9,1
DA:10,1
DA:11,1
DA:12,1
DA:13,1
DA:14,1
DA:15,1
DA:16,1
LF:14
LH:14
BRF:0
BRH:0
end_of_record
TN:
SF:src/features/config.local.ts
FNF:0
FNH:0
DA:3,1
DA:4,1
DA:5,1
DA:6,1
DA:7,1
DA:8,1
DA:9,1
DA:10,1
DA:11,1
DA:12,1
DA:13,1
DA:14,1
DA:15,1
DA:16,1
LF:14
LH:14
BRF:0
BRH:0
end_of_record
TN:
SF:src/features/config.production.ts
FNF:0
FNH:0
DA:3,1
DA:4,1
DA:5,1
DA:6,1
DA:7,1
DA:8,1
DA:9,1
DA:10,1
DA:11,1
DA:12,1
DA:13,1
DA:14,1
DA:15,1
DA:16,1
LF:14
LH:14
BRF:0
BRH:0
end_of_record
TN:
SF:src/features/index.ts
FN:8,loadFeatureFlags
FN:39,isFeatureEnabled
FNF:2
FNH:2
FNDA:28,loadFeatureFlags
FNDA:28,isFeatureEnabled
DA:2,1
DA:3,1
DA:4,1
DA:6,1
DA:8,28
DA:9,28
DA:10,0
DA:11,0
DA:13,28
DA:15,28
DA:16,2
DA:17,2
DA:18,2
DA:19,2
DA:21,26
DA:22,28
DA:23,10
DA:24,10
DA:25,28
DA:26,8
DA:27,8
DA:28,28
DA:29,8
DA:30,8
DA:31,28
DA:33,0
DA:34,28
DA:36,26
DA:37,26
DA:39,1
DA:40,28
DA:41,28
DA:43,28
DA:44,1
DA:45,1
DA:47,25
DA:48,28
DA:49,1
DA:50,1
DA:52,24
DA:53,24
LF:41
LH:38
BRDA:8,0,0,28
BRDA:9,1,0,0
BRDA:15,2,0,2
BRDA:19,3,0,26
BRDA:22,4,0,10
BRDA:25,5,0,8
BRDA:28,6,0,8
BRDA:31,7,0,0
BRDA:34,8,0,26
BRDA:39,9,0,28
BRDA:43,10,0,1
BRDA:45,11,0,25
BRDA:48,12,0,1
BRDA:50,13,0,24
BRF:14
BRH:12
end_of_record
TN:
SF:src/features/types.ts
FN:1,(empty-report)
FNF:1
FNH:1
FNDA:1,(empty-report)
LF:0
LH:0
BRDA:1,0,0,1
BRF:1
BRH:1
end_of_record
TN:
SF:src/lib/utils.ts
FN:4,cn
FNF:1
FNH:1
FNDA:6685,cn
DA:1,1
DA:2,1
DA:4,1
DA:5,6685
DA:6,6685
LF:5
LH:5
BRDA:4,0,0,6685
BRF:1
BRH:1
end_of_record
TN:
SF:src/lib/helpers/audit.helper.ts
FN:7,getSupabaseDb
FN:45,auditLoginAttempt
FN:76,sha256
FNF:3
FNH:3
FNDA:30,getSupabaseDb
FNDA:31,auditLoginAttempt
FNDA:27,sha256
DA:1,1
DA:3,1
DA:4,1
DA:5,1
DA:7,1
DA:9,30
DA:10,30
DA:11,30
DA:12,30
DA:13,30
DA:14,30
DA:16,0
DA:17,0
DA:19,30
DA:20,0
DA:21,0
DA:22,0
DA:23,0
DA:25,0
DA:26,0
DA:45,31
DA:46,31
DA:47,31
DA:48,31
DA:50,31
DA:51,31
DA:52,31
DA:54,31
DA:55,31
DA:56,31
DA:57,31
DA:58,31
DA:59,31
DA:60,31
DA:61,31
DA:62,31
DA:63,31
DA:64,31
DA:65,31
DA:66,31
DA:67,31
DA:69,6
DA:70,6
DA:71,31
DA:76,27
DA:77,27
DA:78,27
LF:47
LH:39
BRDA:7,0,0,30
BRDA:14,1,0,0
BRDA:19,2,0,0
BRDA:45,3,0,31
BRDA:51,4,0,27
BRDA:51,5,0,4
BRDA:64,6,0,24
BRDA:64,7,0,5
BRDA:66,8,0,25
BRDA:67,9,0,6
BRDA:76,10,0,27
BRF:11
BRH:9
end_of_record
TN:
SF:src/lib/helpers/error.helper.ts
FN:15,isAppError
FN:29,mapErrorToMessage
FN:65,createErrorResponse
FN:82,extractZodErrorDetails
FN:96,errorToHttpResponse
FNF:5
FNH:5
FNDA:74,isAppError
FNDA:40,mapErrorToMessage
FNDA:24,createErrorResponse
FNDA:9,extractZodErrorDetails
FNDA:11,errorToHttpResponse
DA:3,1
DA:15,1
DA:16,74
DA:17,74
DA:18,74
DA:19,59
DA:20,45
DA:22,74
DA:29,1
DA:30,40
DA:31,28
DA:32,28
DA:33,4
DA:34,28
DA:35,4
DA:36,28
DA:37,4
DA:38,28
DA:39,3
DA:40,28
DA:41,4
DA:42,28
DA:43,3
DA:44,28
DA:45,3
DA:46,28
DA:47,3
DA:48,28
DA:49,28
DA:51,40
DA:52,6
DA:53,6
DA:55,40
DA:56,1
DA:57,1
DA:59,5
DA:60,5
DA:65,1
DA:66,24
DA:67,24
DA:68,24
DA:69,24
DA:70,24
DA:71,24
DA:72,24
DA:73,24
DA:74,24
DA:75,24
DA:76,24
DA:77,24
DA:82,1
DA:83,9
DA:85,9
DA:86,12
DA:87,12
DA:88,12
DA:90,9
DA:91,9
DA:96,1
DA:100,11
DA:101,11
DA:102,4
DA:103,4
DA:104,4
DA:105,4
DA:106,2
DA:107,2
DA:108,4
DA:109,4
DA:111,11
DA:112,3
DA:113,3
DA:114,3
DA:115,3
DA:116,3
DA:117,3
DA:118,3
DA:119,3
DA:120,3
DA:123,4
DA:124,4
DA:125,4
DA:126,4
DA:127,4
DA:128,4
DA:129,4
DA:130,4
LF:87
LH:87
BRDA:15,0,0,74
BRDA:18,1,0,59
BRDA:19,2,0,45
BRDA:29,3,0,40
BRDA:30,4,0,28
BRDA:32,5,0,4
BRDA:34,6,0,4
BRDA:36,7,0,4
BRDA:38,8,0,3
BRDA:40,9,0,4
BRDA:42,10,0,3
BRDA:44,11,0,3
BRDA:46,12,0,3
BRDA:49,13,0,12
BRDA:51,14,0,6
BRDA:55,15,0,1
BRDA:57,16,0,5
BRDA:52,17,0,7
BRDA:65,18,0,24
BRDA:74,19,0,7
BRDA:74,20,0,6
BRDA:74,21,0,18
BRDA:82,22,0,9
BRDA:85,23,0,12
BRDA:96,24,0,11
BRDA:101,25,0,4
BRDA:105,26,0,2
BRDA:106,27,0,2
BRDA:109,28,0,7
BRDA:111,29,0,3
BRDA:120,30,0,4
BRF:31
BRH:31
end_of_record
TN:
SF:src/lib/helpers/request.helper.ts
FN:18,getTrustedIp
FN:52,maskIpForAudit
FN:135,isValidIPv4
FN:151,isValidIPv6
FN:166,expandIPv6
FN:260,getOrCreateRequestId
FN:272,isValidUuid
FNF:7
FNH:7
FNDA:20,getTrustedIp
FNDA:28,maskIpForAudit
FNDA:24,isValidIPv4
FNDA:15,isValidIPv6
FNDA:11,expandIPv6
FNDA:20,getOrCreateRequestId
FNDA:37,isValidUuid
DA:18,1
DA:20,20
DA:21,20
DA:23,10
DA:24,10
DA:25,10
DA:28,11
DA:29,20
DA:30,2
DA:31,2
DA:36,9
DA:37,20
DA:40,6
DA:41,6
DA:52,1
DA:53,28
DA:56,28
DA:57,1
DA:58,1
DA:61,28
DA:63,3
DA:65,1
DA:66,1
DA:67,1
DA:68,1
DA:69,1
DA:70,1
DA:72,3
DA:75,28
DA:76,8
DA:77,8
DA:78,8
DA:81,28
DA:83,9
DA:84,3
DA:85,3
DA:88,6
DA:91,6
DA:93,9
DA:95,1
DA:96,1
DA:97,1
DA:100,5
DA:101,5
DA:102,5
DA:103,5
DA:106,5
DA:107,9
DA:108,2
DA:109,2
DA:112,5
DA:113,5
DA:114,5
DA:115,2
DA:116,9
DA:117,2
DA:118,2
DA:121,9
DA:122,0
DA:123,0
DA:125,5
DA:126,5
DA:129,6
DA:130,6
DA:135,24
DA:136,24
DA:137,24
DA:139,24
DA:140,43
DA:141,43
DA:143,43
DA:145,9
DA:146,9
DA:151,15
DA:153,15
DA:155,9
DA:157,9
DA:158,15
DA:159,0
DA:160,0
DA:161,15
DA:166,11
DA:168,11
DA:169,2
DA:170,2
DA:171,2
DA:173,2
DA:174,2
DA:175,2
DA:176,8
DA:177,8
DA:178,8
DA:181,2
DA:182,2
DA:183,2
DA:184,2
DA:185,2
DA:187,2
DA:188,2
DA:191,9
DA:194,11
DA:195,11
DA:198,9
DA:199,11
DA:200,37
DA:201,14
DA:202,8
DA:203,8
DA:205,14
DA:206,37
DA:208,11
DA:210,1
DA:211,11
DA:213,8
DA:216,8
DA:217,8
DA:218,14
DA:219,14
DA:220,8
DA:221,8
DA:222,8
DA:224,8
DA:225,8
DA:227,8
DA:230,8
DA:231,8
DA:232,8
DA:233,8
DA:234,8
DA:235,8
DA:236,8
DA:237,8
DA:240,11
DA:243,11
DA:244,72
DA:245,72
DA:246,72
DA:249,9
DA:250,9
DA:260,1
DA:261,20
DA:262,20
DA:263,7
DA:264,7
DA:266,13
DA:267,13
DA:272,1
DA:273,37
DA:274,5
DA:275,5
DA:276,32
DA:277,32
DA:278,32
DA:279,32
LF:154
LH:150
BRDA:18,0,0,20
BRDA:21,1,0,14
BRDA:21,2,0,12
BRDA:21,3,0,10
BRDA:24,4,0,9
BRDA:25,5,0,11
BRDA:29,6,0,2
BRDA:31,7,0,9
BRDA:37,8,0,3
BRDA:37,9,0,6
BRDA:52,10,0,28
BRDA:53,11,0,3
BRDA:53,12,0,25
BRDA:56,13,0,24
BRDA:56,14,0,1
BRDA:58,15,0,24
BRDA:61,16,0,10
BRDA:61,17,0,3
BRDA:63,18,0,1
BRDA:72,19,0,23
BRDA:75,20,0,8
BRDA:78,21,0,15
BRDA:81,22,0,9
BRDA:83,23,0,3
BRDA:85,24,0,6
BRDA:93,25,0,1
BRDA:97,26,0,5
BRDA:107,27,0,2
BRDA:109,28,0,5
BRDA:114,29,0,2
BRDA:116,30,0,2
BRDA:118,31,0,5
BRDA:121,32,0,0
BRDA:123,33,0,5
BRDA:126,34,0,6
BRDA:103,35,0,14
BRDA:135,36,0,24
BRDA:137,37,0,11
BRDA:137,38,0,13
BRDA:139,39,0,43
BRDA:141,40,0,41
BRDA:141,41,0,41
BRDA:141,42,0,4
BRDA:143,43,0,9
BRDA:151,44,0,15
BRDA:153,45,0,6
BRDA:153,46,0,9
BRDA:158,47,0,0
BRDA:166,48,0,11
BRDA:168,49,0,2
BRDA:171,50,0,0
BRDA:174,51,0,0
BRDA:175,52,0,8
BRDA:177,53,0,0
BRDA:188,54,0,9
BRDA:194,55,0,1
BRDA:195,56,0,0
BRDA:195,57,0,9
BRDA:199,58,0,37
BRDA:200,59,0,14
BRDA:201,60,0,8
BRDA:206,61,0,9
BRDA:208,62,0,1
BRDA:210,63,0,0
BRDA:211,64,0,8
BRDA:217,65,0,21
BRDA:217,66,0,14
BRDA:227,67,0,0
BRDA:237,68,0,9
BRDA:240,69,0,0
BRDA:240,70,0,9
BRDA:243,71,0,72
BRDA:245,72,0,0
BRDA:246,73,0,9
BRDA:181,74,0,8
BRDA:222,75,0,9
BRDA:249,76,0,72
BRDA:260,77,0,20
BRDA:262,78,0,13
BRDA:262,79,0,7
BRDA:264,80,0,13
BRDA:272,81,0,37
BRDA:273,82,0,5
BRDA:275,83,0,32
BRF:84
BRH:74
end_of_record
TN:
SF:src/lib/hooks/useClipboard.ts
FN:8,useClipboard
FNF:1
FNH:1
FNDA:72,useClipboard
DA:1,1
DA:2,1
DA:3,1
DA:8,1
DA:9,72
DA:11,72
DA:12,72
DA:13,49
DA:14,49
DA:15,8
DA:16,8
DA:17,8
DA:18,49
DA:20,0
DA:21,0
DA:22,0
DA:24,41
DA:26,41
DA:27,41
DA:28,49
DA:29,0
DA:30,0
DA:31,0
DA:32,41
DA:33,27
DA:34,27
DA:35,49
DA:36,14
DA:37,14
DA:38,14
DA:39,49
DA:40,41
DA:41,41
DA:42,49
DA:43,72
DA:44,72
DA:46,72
DA:47,72
LF:38
LH:32
BRDA:8,0,0,72
BRDA:12,1,0,49
BRDA:14,2,0,48
BRDA:14,3,0,42
BRDA:14,4,0,8
BRDA:18,5,0,0
BRDA:22,6,0,41
BRDA:28,7,0,0
BRDA:31,8,0,41
BRDA:32,9,0,27
BRDA:35,10,0,14
BRDA:39,11,0,0
BRDA:39,12,0,41
BRF:13
BRH:10
end_of_record
TN:
SF:src/lib/hooks/useIbanApi.ts
FN:21,useIbanApi
FNF:1
FNH:1
FNDA:85,useIbanApi
DA:1,1
DA:21,1
DA:22,85
DA:23,85
DA:25,85
DA:26,85
DA:27,28
DA:28,28
DA:30,28
DA:31,28
DA:32,28
DA:33,28
DA:34,28
DA:35,6
DA:36,6
DA:39,28
DA:41,28
DA:42,28
DA:43,28
DA:44,28
DA:46,28
DA:47,2
DA:48,1
DA:49,1
DA:50,1
DA:51,1
DA:52,2
DA:53,2
DA:54,2
DA:55,2
DA:56,2
DA:57,2
DA:58,2
DA:60,19
DA:61,19
DA:62,28
DA:63,7
DA:64,7
DA:65,7
DA:66,7
DA:67,28
DA:68,28
DA:69,28
DA:70,28
DA:71,85
DA:72,85
DA:74,85
DA:75,85
DA:76,12
DA:77,12
DA:79,12
DA:80,12
DA:81,12
DA:82,12
DA:84,12
DA:85,12
DA:86,12
DA:88,12
DA:89,1
DA:90,0
DA:91,0
DA:92,0
DA:93,0
DA:94,1
DA:95,1
DA:96,1
DA:97,1
DA:98,1
DA:99,1
DA:100,1
DA:102,10
DA:103,10
DA:104,12
DA:105,1
DA:106,1
DA:107,1
DA:108,1
DA:109,12
DA:110,12
DA:111,12
DA:112,12
DA:113,85
DA:114,85
DA:116,85
DA:117,2
DA:118,85
DA:120,85
DA:121,85
DA:122,85
DA:123,85
DA:124,85
DA:125,85
DA:126,85
DA:127,85
LF:94
LH:90
BRDA:21,0,0,85
BRDA:26,1,0,28
BRDA:31,2,0,0
BRDA:34,3,0,6
BRDA:39,4,0,6
BRDA:39,5,0,22
BRDA:44,6,0,21
BRDA:46,7,0,2
BRDA:54,8,0,0
BRDA:55,9,0,0
BRDA:58,10,0,19
BRDA:62,11,0,7
BRDA:64,12,0,6
BRDA:64,13,0,1
BRDA:67,14,0,0
BRDA:47,15,0,1
BRDA:75,16,0,12
BRDA:80,17,0,0
BRDA:86,18,0,11
BRDA:88,19,0,1
BRDA:96,20,0,0
BRDA:97,21,0,0
BRDA:100,22,0,10
BRDA:104,23,0,1
BRDA:106,24,0,0
BRDA:109,25,0,0
BRDA:116,26,0,2
BRF:27
BRH:18
end_of_record
TN:
SF:src/lib/hooks/useLocalHistory.ts
FN:10,useLocalHistory
FNF:1
FNH:1
FNDA:189,useLocalHistory
DA:1,1
DA:3,1
DA:10,1
DA:11,189
DA:14,189
DA:15,43
DA:16,43
DA:17,43
DA:18,19
DA:20,19
DA:21,16
DA:22,16
DA:23,19
DA:24,43
DA:25,3
DA:26,3
DA:27,189
DA:30,189
DA:31,189
DA:32,135
DA:33,135
DA:34,135
DA:35,2
DA:36,2
DA:37,135
DA:38,189
DA:39,189
DA:42,189
DA:43,189
DA:44,130
DA:45,130
DA:46,130
DA:47,130
DA:48,130
DA:50,130
DA:52,130
DA:53,130
DA:54,130
DA:55,130
DA:56,130
DA:57,189
DA:58,189
DA:61,189
DA:62,3
DA:63,3
DA:64,3
DA:65,3
DA:66,1
DA:67,1
DA:68,189
DA:71,189
DA:72,189
DA:73,5
DA:74,5
DA:75,5
DA:76,5
DA:77,5
DA:78,5
DA:79,189
DA:80,189
DA:82,189
DA:83,189
DA:84,189
DA:85,189
DA:86,189
DA:87,189
DA:88,189
LF:67
LH:67
BRDA:10,0,0,189
BRDA:14,1,0,43
BRDA:17,2,0,19
BRDA:20,3,0,16
BRDA:24,4,0,3
BRDA:31,5,0,135
BRDA:34,6,0,2
BRDA:43,7,0,130
BRDA:50,8,0,130
BRDA:61,9,0,3
BRDA:65,10,0,1
BRDA:72,11,0,5
BRDA:73,12,0,5
BRDA:74,13,0,7
BRF:14
BRH:14
end_of_record
TN:
SF:src/lib/hooks/useTheme.ts
FN:1,(empty-report)
FNF:1
FNH:0
FNDA:0,(empty-report)
DA:1,0
DA:9,0
DA:10,0
DA:11,0
DA:14,0
DA:15,0
DA:16,0
DA:17,0
DA:18,0
DA:19,0
DA:20,0
DA:22,0
DA:23,0
DA:25,0
DA:26,0
DA:27,0
DA:28,0
DA:29,0
DA:31,0
DA:32,0
DA:34,0
DA:35,0
DA:36,0
DA:38,0
DA:39,0
DA:40,0
DA:42,0
DA:43,0
LF:28
LH:0
BRDA:1,0,0,0
BRF:1
BRH:0
end_of_record
TN:
SF:src/lib/services/auth.service.ts
FN:51,loginWithPassword
FN:125,getAuthClient
FNF:2
FNH:2
FNDA:31,loginWithPassword
FNDA:4,getAuthClient
DA:1,1
DA:5,1
DA:6,1
DA:7,0
DA:8,1
DA:9,1
DA:10,0
DA:12,1
DA:13,0
DA:14,0
DA:15,0
DA:16,0
DA:22,1
DA:23,1
DA:24,1
DA:25,1
DA:26,1
DA:27,1
DA:51,31
DA:52,31
DA:53,31
DA:54,31
DA:56,31
DA:57,31
DA:58,31
DA:59,31
DA:60,31
DA:62,31
DA:64,13
DA:66,8
DA:70,8
DA:71,8
DA:72,8
DA:73,8
DA:76,5
DA:81,5
DA:82,5
DA:83,5
DA:84,5
DA:85,5
DA:87,31
DA:88,3
DA:92,3
DA:93,3
DA:94,3
DA:95,3
DA:97,10
DA:98,10
DA:99,31
DA:100,31
DA:101,31
DA:102,31
DA:104,21
DA:105,21
DA:106,17
DA:107,17
DA:110,4
DA:115,4
DA:116,4
DA:117,4
DA:118,4
DA:119,4
DA:120,31
DA:125,1
DA:126,4
DA:127,4
LF:66
LH:60
BRDA:6,0,0,0
BRDA:9,1,0,0
BRDA:12,2,0,0
BRDA:51,3,0,31
BRDA:60,4,0,27
BRDA:62,5,0,13
BRDA:64,6,0,11
BRDA:64,7,0,8
BRDA:73,8,0,5
BRDA:85,9,0,14
BRDA:87,10,0,3
BRDA:95,11,0,10
BRDA:99,12,0,1
BRDA:102,13,0,21
BRDA:105,14,0,17
BRDA:105,15,0,17
BRDA:107,16,0,4
BRDA:125,17,0,4
BRF:18
BRH:15
end_of_record
TN:
SF:src/lib/services/authClient.service.ts
FN:16,login
FN:58,logout
FNF:2
FNH:1
FNDA:7,login
FNDA:0,logout
DA:1,1
DA:9,1
DA:16,1
DA:17,7
DA:19,7
DA:20,7
DA:21,7
DA:22,7
DA:23,7
DA:24,7
DA:25,7
DA:26,7
DA:28,5
DA:30,5
DA:31,5
DA:32,5
DA:33,5
DA:34,5
DA:35,5
DA:36,5
DA:38,7
DA:39,3
DA:40,3
DA:41,3
DA:42,3
DA:43,3
DA:44,3
DA:46,2
DA:47,2
DA:48,2
DA:49,2
DA:50,2
DA:51,7
DA:58,1
DA:59,0
DA:61,0
DA:62,0
DA:63,0
DA:64,0
DA:65,0
DA:66,0
DA:67,0
DA:69,0
DA:70,0
DA:71,0
DA:72,0
DA:73,0
DA:74,0
DA:75,0
DA:77,0
DA:78,0
DA:79,0
DA:81,0
DA:82,0
DA:83,0
DA:85,0
DA:86,0
DA:87,0
DA:88,1
LF:59
LH:35
BRDA:16,0,0,7
BRDA:26,1,0,5
BRDA:38,2,0,3
BRDA:41,3,0,0
BRDA:44,4,0,2
BRF:5
BRH:4
end_of_record
TN:
SF:src/lib/services/health.service.ts
FN:1,(empty-report)
FNF:1
FNH:1
FNDA:1,(empty-report)
DA:7,0
DA:10,0
DA:11,0
LF:3
LH:0
BRDA:1,0,0,1
BRF:1
BRH:1
end_of_record
TN:
SF:src/lib/services/iban.service.ts
FN:34,generate
FNF:1
FNH:1
FNDA:24,generate
DA:1,1
DA:2,1
DA:16,1
DA:17,1
DA:18,1
DA:19,1
DA:20,1
DA:34,1
DA:36,24
DA:39,24
DA:42,24
DA:45,24
DA:48,24
DA:49,24
DA:52,24
DA:55,24
DA:58,24
DA:59,24
LF:18
LH:18
BRDA:34,0,0,24
BRDA:36,1,0,3
BRF:2
BRH:2
end_of_record
TN:
SF:src/lib/services/openrouter.service.ts
FN:1,(empty-report)
FNF:1
FNH:0
FNDA:0,(empty-report)
DA:1,0
DA:21,0
DA:22,0
DA:23,0
DA:24,0
DA:25,0
DA:26,0
DA:27,0
DA:28,0
DA:29,0
DA:30,0
DA:31,0
DA:32,0
DA:37,0
DA:38,0
DA:40,0
DA:41,0
DA:42,0
DA:44,0
DA:45,0
DA:46,0
DA:47,0
DA:49,0
DA:50,0
DA:51,0
DA:52,0
DA:54,0
DA:55,0
DA:56,0
DA:58,0
DA:59,0
DA:60,0
DA:62,0
DA:63,0
DA:64,0
DA:65,0
DA:66,0
DA:67,0
DA:68,0
DA:73,0
DA:74,0
DA:75,0
DA:77,0
DA:78,0
DA:79,0
DA:80,0
DA:81,0
DA:82,0
DA:84,0
DA:85,0
DA:86,0
DA:87,0
DA:88,0
DA:89,0
DA:90,0
DA:91,0
DA:93,0
DA:94,0
DA:95,0
DA:97,0
DA:98,0
DA:99,0
DA:100,0
DA:103,0
DA:104,0
DA:105,0
DA:107,0
DA:108,0
DA:109,0
DA:111,0
DA:112,0
DA:114,0
DA:115,0
DA:116,0
DA:117,0
DA:119,0
DA:120,0
DA:121,0
DA:122,0
DA:124,0
DA:125,0
DA:127,0
DA:128,0
DA:129,0
DA:130,0
DA:131,0
DA:132,0
DA:133,0
DA:134,0
DA:135,0
DA:136,0
DA:137,0
DA:138,0
DA:139,0
DA:141,0
DA:142,0
DA:143,0
DA:145,0
DA:146,0
DA:147,0
DA:148,0
DA:149,0
DA:150,0
DA:151,0
DA:152,0
DA:153,0
DA:156,0
DA:157,0
DA:158,0
DA:159,0
DA:160,0
DA:161,0
DA:162,0
DA:163,0
DA:164,0
DA:165,0
DA:166,0
DA:167,0
DA:168,0
DA:169,0
DA:171,0
DA:172,0
DA:173,0
DA:174,0
DA:175,0
DA:178,0
DA:179,0
DA:180,0
DA:181,0
DA:182,0
DA:183,0
DA:184,0
DA:185,0
DA:186,0
DA:187,0
DA:188,0
DA:189,0
DA:191,0
DA:194,0
DA:195,0
DA:197,0
DA:198,0
DA:199,0
DA:200,0
DA:201,0
DA:202,0
DA:203,0
DA:205,0
DA:206,0
DA:207,0
DA:208,0
DA:209,0
DA:210,0
DA:212,0
DA:213,0
DA:214,0
DA:215,0
DA:216,0
DA:217,0
DA:218,0
DA:219,0
DA:221,0
DA:222,0
DA:223,0
DA:225,0
DA:226,0
DA:227,0
DA:228,0
DA:230,0
DA:232,0
DA:233,0
DA:234,0
DA:235,0
DA:236,0
DA:237,0
DA:239,0
DA:241,0
DA:242,0
DA:244,0
DA:245,0
DA:246,0
DA:248,0
DA:249,0
DA:250,0
DA:251,0
DA:253,0
DA:254,0
DA:255,0
DA:257,0
DA:258,0
DA:260,0
DA:265,0
DA:266,0
DA:267,0
DA:268,0
DA:270,0
DA:271,0
DA:272,0
DA:273,0
DA:274,0
DA:275,0
DA:276,0
DA:278,0
DA:279,0
DA:280,0
DA:281,0
DA:283,0
DA:284,0
DA:285,0
DA:286,0
DA:287,0
DA:288,0
DA:289,0
DA:292,0
DA:293,0
DA:294,0
DA:295,0
DA:296,0
DA:297,0
DA:298,0
DA:299,0
DA:301,0
DA:302,0
DA:303,0
DA:304,0
DA:305,0
DA:306,0
DA:307,0
DA:308,0
DA:310,0
DA:313,0
DA:314,0
DA:315,0
DA:320,0
DA:321,0
DA:322,0
DA:323,0
DA:324,0
DA:325,0
DA:326,0
DA:327,0
DA:328,0
DA:329,0
DA:330,0
DA:331,0
DA:332,0
DA:333,0
DA:334,0
DA:336,0
DA:337,0
DA:338,0
DA:340,0
DA:341,0
DA:342,0
DA:343,0
DA:344,0
DA:346,0
DA:347,0
DA:348,0
DA:350,0
DA:352,0
DA:353,0
DA:354,0
DA:355,0
DA:356,0
DA:357,0
DA:359,0
DA:360,0
DA:361,0
DA:364,0
DA:365,0
DA:367,0
DA:369,0
DA:370,0
DA:372,0
DA:374,0
DA:375,0
DA:377,0
DA:378,0
DA:379,0
DA:384,0
DA:385,0
DA:386,0
DA:388,0
DA:389,0
DA:393,0
DA:394,0
DA:395,0
DA:397,0
DA:399,0
DA:400,0
DA:401,0
DA:402,0
DA:403,0
DA:404,0
DA:405,0
DA:406,0
DA:407,0
DA:408,0
DA:409,0
DA:410,0
DA:411,0
DA:412,0
DA:413,0
DA:414,0
DA:415,0
DA:416,0
DA:417,0
DA:420,0
DA:421,0
DA:422,0
DA:423,0
DA:424,0
DA:425,0
DA:426,0
DA:427,0
DA:428,0
DA:429,0
DA:430,0
DA:431,0
DA:432,0
DA:433,0
DA:434,0
DA:437,0
DA:438,0
DA:439,0
DA:440,0
DA:441,0
DA:442,0
DA:443,0
DA:444,0
DA:445,0
DA:446,0
DA:447,0
DA:448,0
DA:451,0
DA:452,0
DA:453,0
DA:454,0
DA:455,0
DA:456,0
DA:457,0
DA:458,0
DA:459,0
DA:460,0
DA:461,0
DA:462,0
DA:464,0
DA:465,0
DA:466,0
DA:467,0
DA:468,0
DA:470,0
DA:471,0
DA:472,0
DA:473,0
DA:474,0
DA:475,0
DA:476,0
DA:477,0
DA:478,0
DA:479,0
DA:482,0
DA:483,0
DA:484,0
DA:485,0
DA:486,0
DA:487,0
DA:489,0
DA:490,0
DA:491,0
DA:492,0
DA:493,0
DA:494,0
DA:495,0
DA:497,0
DA:498,0
DA:499,0
DA:500,0
DA:501,0
DA:502,0
DA:504,0
DA:505,0
DA:506,0
DA:507,0
DA:508,0
DA:509,0
DA:510,0
DA:512,0
DA:513,0
DA:514,0
DA:515,0
DA:516,0
DA:517,0
DA:518,0
DA:519,0
DA:520,0
DA:521,0
DA:522,0
DA:523,0
DA:524,0
DA:525,0
DA:526,0
DA:528,0
DA:529,0
DA:530,0
DA:531,0
DA:532,0
DA:534,0
DA:535,0
DA:536,0
DA:538,0
DA:539,0
DA:540,0
DA:541,0
DA:542,0
DA:543,0
DA:544,0
DA:545,0
DA:546,0
DA:547,0
DA:548,0
DA:549,0
DA:550,0
DA:551,0
DA:552,0
DA:554,0
DA:555,0
DA:556,0
DA:558,0
DA:559,0
DA:560,0
DA:562,0
DA:565,0
DA:566,0
DA:568,0
DA:569,0
DA:570,0
DA:572,0
DA:573,0
DA:574,0
DA:579,0
DA:580,0
DA:581,0
DA:582,0
DA:583,0
DA:584,0
DA:592,0
DA:593,0
DA:594,0
DA:595,0
DA:596,0
DA:597,0
DA:598,0
DA:599,0
DA:600,0
DA:601,0
DA:602,0
DA:603,0
DA:604,0
DA:605,0
DA:606,0
DA:608,0
DA:609,0
DA:610,0
DA:611,0
DA:612,0
DA:613,0
DA:614,0
DA:616,0
DA:617,0
DA:618,0
DA:620,0
DA:621,0
DA:622,0
DA:623,0
DA:625,0
DA:626,0
DA:627,0
DA:628,0
DA:629,0
DA:630,0
DA:632,0
DA:633,0
DA:634,0
DA:636,0
DA:637,0
DA:638,0
DA:639,0
DA:641,0
DA:642,0
DA:643,0
DA:644,0
DA:645,0
DA:646,0
DA:647,0
DA:648,0
DA:649,0
DA:650,0
DA:651,0
DA:652,0
DA:653,0
DA:654,0
DA:655,0
DA:656,0
DA:657,0
DA:658,0
DA:659,0
DA:660,0
DA:661,0
DA:662,0
DA:663,0
DA:664,0
DA:665,0
DA:666,0
DA:667,0
DA:668,0
DA:669,0
DA:670,0
DA:671,0
DA:672,0
DA:673,0
DA:674,0
DA:679,0
DA:680,0
DA:681,0
DA:682,0
DA:684,0
DA:685,0
DA:686,0
DA:687,0
DA:688,0
DA:689,0
DA:690,0
DA:691,0
DA:692,0
DA:693,0
DA:694,0
DA:697,0
DA:698,0
DA:699,0
DA:700,0
DA:701,0
DA:702,0
DA:703,0
DA:704,0
DA:706,0
DA:707,0
DA:708,0
DA:709,0
DA:712,0
DA:713,0
DA:714,0
DA:715,0
DA:718,0
DA:719,0
DA:720,0
DA:721,0
DA:722,0
DA:723,0
DA:724,0
DA:727,0
DA:728,0
DA:729,0
DA:730,0
DA:731,0
DA:732,0
DA:733,0
DA:734,0
DA:735,0
DA:736,0
DA:737,0
DA:738,0
DA:739,0
DA:740,0
DA:741,0
DA:742,0
DA:743,0
DA:744,0
DA:745,0
DA:746,0
DA:747,0
DA:748,0
DA:749,0
DA:750,0
DA:751,0
DA:752,0
DA:753,0
DA:754,0
DA:755,0
DA:756,0
DA:757,0
DA:758,0
DA:759,0
DA:761,0
DA:762,0
DA:763,0
DA:764,0
DA:767,0
DA:768,0
DA:769,0
DA:770,0
DA:771,0
DA:772,0
DA:774,0
DA:775,0
DA:777,0
DA:778,0
DA:779,0
DA:780,0
DA:781,0
DA:782,0
DA:783,0
DA:788,0
DA:789,0
DA:790,0
DA:791,0
DA:796,0
DA:797,0
DA:798,0
DA:799,0
DA:800,0
DA:801,0
DA:802,0
DA:803,0
DA:804,0
DA:805,0
DA:806,0
DA:811,0
DA:812,0
DA:814,0
DA:815,0
DA:816,0
DA:818,0
DA:819,0
DA:820,0
DA:822,0
DA:823,0
DA:824,0
DA:826,0
DA:827,0
DA:828,0
DA:830,0
DA:831,0
DA:832,0
DA:833,0
DA:834,0
DA:839,0
DA:840,0
DA:842,0
DA:847,0
DA:848,0
DA:849,0
DA:850,0
DA:851,0
DA:852,0
DA:853,0
DA:858,0
DA:859,0
DA:860,0
DA:861,0
DA:862,0
DA:863,0
DA:864,0
DA:865,0
DA:866,0
DA:868,0
DA:873,0
DA:874,0
DA:875,0
DA:880,0
DA:881,0
DA:882,0
DA:885,0
DA:886,0
DA:887,0
DA:888,0
DA:889,0
DA:890,0
DA:891,0
DA:892,0
DA:893,0
DA:895,0
DA:896,0
DA:897,0
DA:899,0
DA:900,0
DA:901,0
DA:904,0
DA:905,0
DA:906,0
DA:907,0
DA:908,0
DA:909,0
DA:910,0
DA:912,0
DA:913,0
DA:914,0
DA:915,0
DA:916,0
DA:917,0
DA:918,0
DA:919,0
DA:920,0
DA:921,0
DA:922,0
DA:923,0
DA:925,0
DA:927,0
DA:928,0
DA:929,0
DA:930,0
DA:931,0
DA:932,0
DA:933,0
DA:934,0
DA:935,0
DA:936,0
DA:937,0
DA:938,0
DA:940,0
DA:941,0
DA:942,0
DA:944,0
DA:945,0
DA:946,0
DA:948,0
DA:949,0
DA:950,0
DA:952,0
DA:953,0
DA:954,0
DA:956,0
DA:957,0
DA:959,0
DA:960,0
DA:961,0
DA:962,0
DA:963,0
DA:965,0
DA:966,0
DA:967,0
DA:969,0
DA:970,0
DA:971,0
DA:974,0
DA:975,0
DA:976,0
DA:977,0
DA:979,0
DA:980,0
DA:982,0
DA:983,0
DA:984,0
DA:985,0
DA:988,0
DA:989,0
DA:990,0
DA:991,0
DA:992,0
DA:993,0
DA:994,0
DA:995,0
DA:996,0
DA:997,0
DA:999,0
DA:1000,0
DA:1001,0
DA:1002,0
DA:1003,0
DA:1004,0
DA:1005,0
DA:1006,0
DA:1008,0
DA:1009,0
DA:1010,0
DA:1011,0
DA:1012,0
DA:1013,0
DA:1014,0
DA:1015,0
DA:1018,0
DA:1019,0
DA:1020,0
DA:1021,0
DA:1022,0
DA:1023,0
DA:1024,0
DA:1025,0
DA:1028,0
DA:1032,0
DA:1033,0
DA:1035,0
DA:1036,0
DA:1037,0
DA:1038,0
DA:1039,0
DA:1040,0
DA:1041,0
DA:1042,0
DA:1043,0
DA:1046,0
DA:1047,0
DA:1048,0
DA:1049,0
DA:1050,0
DA:1051,0
DA:1052,0
DA:1053,0
DA:1054,0
DA:1055,0
DA:1056,0
DA:1057,0
DA:1058,0
DA:1059,0
DA:1060,0
DA:1061,0
DA:1062,0
DA:1063,0
DA:1064,0
DA:1065,0
DA:1066,0
DA:1067,0
DA:1068,0
DA:1069,0
DA:1070,0
DA:1071,0
DA:1072,0
DA:1073,0
DA:1074,0
DA:1075,0
DA:1076,0
DA:1077,0
DA:1078,0
DA:1079,0
DA:1080,0
DA:1081,0
DA:1082,0
DA:1083,0
DA:1084,0
LF:840
LH:0
BRDA:1,0,0,0
BRF:1
BRH:0
end_of_record
TN:
SF:src/lib/services/profile.service.ts
FN:5,getSupabaseDb
FN:40,getByUserId
FN:131,sleep
FNF:3
FNH:3
FNDA:64,getSupabaseDb
FNDA:32,getByUserId
FNDA:32,sleep
DA:1,1
DA:5,64
DA:7,64
DA:8,64
DA:9,64
DA:10,64
DA:11,64
DA:12,64
DA:14,0
DA:15,0
DA:17,64
DA:18,0
DA:19,0
DA:20,0
DA:21,0
DA:23,0
DA:24,0
DA:26,1
DA:27,1
DA:40,32
DA:41,32
DA:42,64
DA:43,64
DA:44,64
DA:45,64
DA:46,64
DA:47,64
DA:49,64
DA:51,26
DA:52,21
DA:53,21
DA:54,21
DA:57,5
DA:61,5
DA:62,5
DA:63,5
DA:64,5
DA:66,64
DA:67,5
DA:68,4
DA:69,4
DA:70,4
DA:72,1
DA:76,1
DA:77,1
DA:78,1
DA:79,1
DA:82,24
DA:83,24
DA:84,24
DA:85,64
DA:86,64
DA:87,64
DA:88,64
DA:89,64
DA:91,15
DA:92,15
DA:93,9
DA:94,7
DA:95,7
DA:97,2
DA:98,2
DA:99,2
DA:102,15
DA:103,1
DA:108,1
DA:109,1
DA:110,1
DA:111,1
DA:112,1
DA:114,5
DA:115,5
DA:116,64
DA:119,0
DA:123,0
DA:124,0
DA:125,0
DA:126,0
DA:131,32
DA:132,32
DA:133,32
LF:81
LH:68
BRDA:27,0,0,0
BRDA:5,1,0,64
BRDA:12,2,0,0
BRDA:17,3,0,0
BRDA:40,4,0,32
BRDA:41,5,0,64
BRDA:47,6,0,55
BRDA:49,7,0,26
BRDA:51,8,0,21
BRDA:54,9,0,5
BRDA:64,10,0,29
BRDA:66,11,0,5
BRDA:67,12,0,4
BRDA:70,13,0,1
BRDA:79,14,0,24
BRDA:85,15,0,2
BRDA:89,16,0,15
BRDA:92,17,0,9
BRDA:92,18,0,9
BRDA:93,19,0,7
BRDA:95,20,0,2
BRDA:99,21,0,6
BRDA:102,22,0,1
BRDA:112,23,0,5
BRDA:116,24,0,0
BRDA:131,25,0,32
BRDA:132,26,0,32
BRF:27
BRH:23
end_of_record
TN:
SF:src/lib/services/rate-limiter.service.ts
FN:28,consume
FN:70,reset
FN:78,resetAll
FNF:3
FNH:3
FNDA:568,consume
FNDA:4,reset
FNDA:32,resetAll
DA:15,1
DA:16,1
DA:19,1
DA:28,568
DA:29,568
DA:30,568
DA:32,568
DA:35,568
DA:36,6
DA:37,6
DA:38,6
DA:40,568
DA:42,197
DA:43,197
DA:44,197
DA:45,197
DA:46,197
DA:47,197
DA:50,371
DA:53,568
DA:54,28
DA:55,28
DA:60,28
DA:61,28
DA:62,28
DA:63,28
DA:64,28
DA:65,568
DA:70,1
DA:71,4
DA:72,4
DA:73,4
DA:78,1
DA:79,32
DA:80,32
LF:35
LH:35
BRDA:28,0,0,568
BRDA:35,1,0,377
BRDA:35,2,0,6
BRDA:40,3,0,197
BRDA:47,4,0,371
BRDA:53,5,0,28
BRDA:62,6,0,0
BRDA:70,7,0,4
BRDA:78,8,0,32
BRF:9
BRH:8
end_of_record
TN:
SF:src/lib/utils/iban-validator.ts
FN:21,validateIban
FN:94,validateIbanChecksum
FN:123,computeMod97
FNF:3
FNH:3
FNDA:84,validateIban
FNDA:46,validateIbanChecksum
FNDA:46,computeMod97
DA:10,1
DA:11,1
DA:12,1
DA:13,1
DA:14,1
DA:21,1
DA:23,84
DA:26,84
DA:27,8
DA:28,8
DA:29,8
DA:30,8
DA:31,8
DA:34,84
DA:35,3
DA:36,3
DA:39,73
DA:42,84
DA:43,6
DA:44,6
DA:47,67
DA:50,84
DA:51,6
DA:52,6
DA:55,84
DA:56,56
DA:57,56
DA:58,13
DA:59,13
DA:60,13
DA:61,13
DA:62,13
DA:63,56
DA:66,48
DA:67,84
DA:68,2
DA:69,2
DA:70,2
DA:71,2
DA:72,2
DA:75,46
DA:76,84
DA:77,13
DA:78,13
DA:79,13
DA:80,13
DA:81,13
DA:83,33
DA:84,33
DA:94,46
DA:96,46
DA:99,46
DA:100,46
DA:101,1004
DA:102,910
DA:103,1004
DA:104,94
DA:105,94
DA:106,94
DA:107,1004
DA:110,46
DA:113,46
DA:114,46
DA:123,46
DA:124,46
DA:125,46
DA:126,1098
DA:127,1098
DA:128,46
DA:129,46
LF:70
LH:70
BRDA:21,0,0,84
BRDA:26,1,0,8
BRDA:31,2,0,76
BRDA:34,3,0,3
BRDA:36,4,0,73
BRDA:42,5,0,6
BRDA:44,6,0,67
BRDA:50,7,0,6
BRDA:52,8,0,61
BRDA:55,9,0,56
BRDA:57,10,0,13
BRDA:63,11,0,48
BRDA:67,12,0,2
BRDA:72,13,0,46
BRDA:76,14,0,13
BRDA:81,15,0,33
BRDA:94,16,0,46
BRDA:100,17,0,1004
BRDA:101,18,0,910
BRDA:103,19,0,94
BRDA:123,20,0,46
BRDA:125,21,0,1098
BRF:22
BRH:22
end_of_record
TN:
SF:src/lib/utils/iban.ts
FN:10,calculateIbanCheckDigits
FN:65,computeMod97
FN:80,padDigits
FNF:3
FNH:3
FNDA:51,calculateIbanCheckDigits
FNDA:51,computeMod97
FNDA:31,padDigits
DA:10,1
DA:11,51
DA:12,51
DA:13,51
DA:15,51
DA:19,51
DA:20,51
DA:21,1021
DA:22,895
DA:23,1021
DA:24,100
DA:25,100
DA:26,100
DA:28,1021
DA:32,51
DA:34,0
DA:35,0
DA:36,0
DA:37,0
DA:38,0
DA:39,0
DA:40,0
DA:41,0
DA:42,0
DA:43,0
DA:44,0
DA:46,0
DA:47,0
DA:48,0
DA:49,0
DA:52,51
DA:53,51
DA:55,51
DA:56,51
DA:65,51
DA:66,51
DA:67,51
DA:68,1095
DA:69,1095
DA:70,51
DA:71,51
DA:80,1
DA:81,31
DA:82,31
LF:44
LH:29
BRDA:10,0,0,51
BRDA:20,1,0,1021
BRDA:21,2,0,1003
BRDA:21,3,0,895
BRDA:23,4,0,126
BRDA:23,5,0,101
BRDA:23,6,0,100
BRDA:32,7,0,0
BRDA:65,8,0,51
BRDA:67,9,0,1095
BRDA:80,10,0,31
BRF:11
BRH:10
end_of_record
TN:
SF:src/lib/utils/logger.ts
FN:8,<instance_members_initializer>
FN:12,log
FN:37,debug
FN:41,info
FN:45,warn
FN:49,error
FNF:6
FNH:6
FNDA:5,<instance_members_initializer>
FNDA:36,log
FNDA:2,debug
FNDA:2,info
FNDA:1,warn
FNDA:31,error
DA:8,5
DA:9,5
DA:10,5
DA:12,5
DA:14,36
DA:15,0
DA:16,0
DA:18,36
DA:19,36
DA:21,36
DA:22,36
DA:23,2
DA:24,2
DA:25,36
DA:26,2
DA:27,2
DA:28,36
DA:29,1
DA:30,1
DA:31,36
DA:32,31
DA:33,31
DA:34,36
DA:35,36
DA:37,5
DA:38,2
DA:39,2
DA:41,5
DA:42,2
DA:43,2
DA:45,5
DA:46,1
DA:47,1
DA:49,5
DA:50,31
DA:51,31
DA:52,5
DA:54,1
LF:38
LH:36
BRDA:8,0,0,5
BRDA:12,1,0,36
BRDA:14,2,0,0
BRDA:22,3,0,2
BRDA:25,4,0,2
BRDA:28,5,0,1
BRDA:31,6,0,31
BRDA:37,7,0,2
BRDA:41,8,0,2
BRDA:45,9,0,1
BRDA:49,10,0,31
BRF:11
BRH:10
end_of_record
TN:
SF:src/lib/utils/number.ts
FN:6,fnv1a32
FN:22,splitmix32
FN:50,generateDigits
FNF:3
FNH:3
FNDA:49,fnv1a32
FNDA:32,splitmix32
FNDA:26,generateDigits
DA:6,1
DA:7,49
DA:9,49
DA:10,10500
DA:11,10500
DA:12,10500
DA:14,49
DA:15,49
DA:22,1
DA:24,32
DA:25,32
DA:27,1
DA:28,1
DA:29,1
DA:30,32
DA:32,31
DA:33,31
DA:35,32
DA:36,23280
DA:37,23280
DA:38,23280
DA:39,23280
DA:40,23280
DA:41,23280
DA:42,32
DA:50,1
DA:51,26
DA:52,26
DA:53,12360
DA:54,12360
DA:55,12360
DA:56,12360
DA:57,26
DA:58,26
LF:34
LH:34
BRDA:6,0,0,49
BRDA:9,1,0,10500
BRDA:22,2,0,32
BRDA:25,3,0,1
BRDA:30,4,0,31
BRDA:35,5,0,23280
BRDA:50,6,0,26
BRDA:52,7,0,12360
BRF:8
BRH:8
end_of_record
TN:
SF:src/lib/validators/login.validator.ts
FN:29,validateLoginRequest
FN:37,tryValidateLoginRequest
FNF:2
FNH:2
FNDA:8,validateLoginRequest
FNDA:13,tryValidateLoginRequest
DA:1,1
DA:10,1
DA:11,1
DA:12,1
DA:13,1
DA:14,1
DA:15,1
DA:16,1
DA:17,1
DA:18,1
DA:19,1
DA:20,1
DA:29,1
DA:30,8
DA:31,8
DA:37,1
DA:38,13
DA:39,13
DA:40,13
LF:19
LH:19
BRDA:15,0,0,36
BRDA:29,1,0,8
BRDA:37,2,0,13
BRDA:39,3,0,4
BRDA:39,4,0,9
BRF:5
BRH:5
end_of_record
TN:
SF:src/middleware/index.ts
FN:1,(empty-report)
FNF:1
FNH:0
FNDA:0,(empty-report)
DA:1,0
DA:2,0
DA:4,0
LF:3
LH:0
BRDA:1,0,0,0
BRF:1
BRH:0
end_of_record
TN:
SF:src/middleware/middleware-handler.ts
FN:6,middlewareHandler
FNF:1
FNH:1
FNDA:49,middlewareHandler
DA:2,1
DA:4,1
DA:6,49
DA:7,49
DA:8,49
DA:9,49
DA:10,49
DA:11,49
DA:12,49
DA:14,49
DA:17,49
DA:18,49
DA:19,49
DA:20,49
DA:23,49
DA:28,49
DA:29,49
DA:30,49
DA:31,49
DA:32,49
DA:33,49
DA:34,49
DA:35,49
DA:36,49
DA:37,49
DA:38,49
DA:39,49
DA:40,49
DA:41,49
DA:42,49
DA:43,49
DA:44,49
DA:45,49
DA:48,49
DA:51,49
DA:52,49
DA:53,49
DA:55,49
DA:58,49
DA:59,49
DA:61,49
DA:62,2
DA:64,2
DA:65,0
DA:66,0
DA:67,0
DA:68,0
DA:70,2
DA:71,2
DA:72,2
DA:73,2
DA:74,2
DA:75,2
DA:77,47
DA:79,49
DA:80,39
DA:82,39
DA:83,9
DA:84,9
DA:85,9
DA:86,9
DA:87,9
DA:88,9
DA:89,9
DA:90,9
DA:92,30
DA:93,30
DA:94,30
DA:97,8
DA:98,8
DA:99,8
DA:100,8
DA:102,8
DA:103,8
DA:104,8
DA:105,8
DA:106,8
DA:108,49
DA:109,3
DA:111,3
DA:112,3
DA:113,3
DA:114,3
DA:115,3
DA:116,49
DA:117,5
DA:118,5
DA:119,5
DA:120,5
DA:121,5
DA:122,5
DA:124,8
DA:125,8
DA:126,8
DA:127,8
DA:128,8
DA:129,8
DA:131,8
DA:132,8
LF:99
LH:95
BRDA:6,0,0,49
BRDA:61,1,0,2
BRDA:64,2,0,0
BRDA:75,3,0,47
BRDA:79,4,0,39
BRDA:82,5,0,9
BRDA:90,6,0,30
BRDA:94,7,0,8
BRDA:108,8,0,3
BRDA:113,9,0,0
BRDA:116,10,0,5
BRDA:119,11,0,1
BRDA:120,12,0,0
BRDA:122,13,0,8
BRDA:52,14,0,172
BRDA:52,15,0,166
BRF:16
BRH:13
end_of_record
TN:
SF:src/pages/api/health.ts
FN:1,(empty-report)
FNF:1
FNH:1
FNDA:1,(empty-report)
DA:2,0
DA:4,0
DA:6,0
DA:7,0
DA:8,0
DA:9,0
DA:10,0
DA:11,0
DA:12,0
DA:13,0
DA:14,0
DA:15,0
DA:17,0
DA:18,0
DA:19,0
DA:20,0
DA:21,0
DA:22,0
DA:23,0
DA:24,0
DA:25,0
DA:26,0
DA:27,0
DA:28,0
DA:29,0
DA:30,0
DA:31,0
DA:32,0
DA:33,0
LF:29
LH:0
BRDA:1,0,0,1
BRF:1
BRH:1
end_of_record
TN:
SF:src/pages/api/auth/check.ts
FN:1,(empty-report)
FNF:1
FNH:1
FNDA:1,(empty-report)
DA:2,0
DA:3,0
DA:5,0
DA:6,0
DA:7,0
DA:9,0
DA:10,0
DA:11,0
DA:12,0
DA:14,0
DA:15,0
DA:16,0
DA:17,0
DA:19,0
DA:20,0
DA:21,0
DA:22,0
DA:23,0
DA:24,0
DA:25,0
DA:26,0
DA:27,0
DA:28,0
DA:29,0
DA:30,0
DA:31,0
DA:33,0
DA:34,0
DA:35,0
DA:36,0
DA:37,0
DA:38,0
DA:39,0
DA:40,0
DA:41,0
DA:42,0
DA:43,0
DA:44,0
DA:45,0
DA:46,0
DA:47,0
DA:48,0
DA:49,0
DA:50,0
DA:51,0
DA:52,0
DA:53,0
DA:54,0
DA:55,0
DA:56,0
DA:57,0
DA:58,0
DA:59,0
DA:60,0
DA:61,0
DA:62,0
DA:63,0
DA:64,0
DA:65,0
DA:66,0
DA:67,0
DA:68,0
DA:69,0
DA:70,0
DA:71,0
DA:72,0
DA:73,0
DA:74,0
DA:75,0
DA:76,0
LF:70
LH:0
BRDA:1,0,0,1
BRF:1
BRH:1
end_of_record
TN:
SF:src/pages/api/auth/reset-change.ts
FN:18,POST
FNF:1
FNH:1
FNDA:45,POST
DA:2,1
DA:3,1
DA:4,1
DA:6,1
DA:7,1
DA:8,1
DA:9,1
DA:10,1
DA:11,1
DA:12,1
DA:13,1
DA:14,1
DA:15,1
DA:16,1
DA:18,1
DA:19,45
DA:20,45
DA:21,44
DA:23,44
DA:24,44
DA:25,44
DA:26,44
DA:28,44
DA:29,44
DA:30,44
DA:32,45
DA:33,9
DA:34,9
DA:35,9
DA:36,9
DA:37,9
DA:38,9
DA:39,9
DA:40,9
DA:41,9
DA:42,9
DA:43,9
DA:44,9
DA:46,19
DA:47,19
DA:48,19
DA:49,19
DA:50,19
DA:51,19
DA:52,19
DA:53,19
DA:54,19
DA:55,19
DA:56,45
DA:57,17
DA:58,13
DA:59,13
DA:60,13
DA:61,13
DA:62,13
DA:63,13
DA:64,13
DA:65,13
DA:66,13
DA:67,13
DA:68,13
DA:70,4
DA:71,4
DA:72,4
DA:73,4
DA:74,4
DA:75,4
DA:76,4
DA:77,4
DA:78,4
DA:79,4
DA:80,4
DA:81,4
DA:82,45
LF:74
LH:74
BRDA:18,0,0,45
BRDA:20,1,0,44
BRDA:30,2,0,28
BRDA:32,3,0,9
BRDA:44,4,0,19
BRDA:56,5,0,17
BRDA:57,6,0,13
BRDA:68,7,0,4
BRF:8
BRH:8
end_of_record
TN:
SF:src/pages/api/auth/reset-request.ts
FN:18,POST
FNF:1
FNH:1
FNDA:37,POST
DA:2,1
DA:3,1
DA:4,1
DA:6,1
DA:7,1
DA:8,1
DA:9,1
DA:10,1
DA:11,1
DA:12,1
DA:13,29
DA:14,29
DA:15,1
DA:16,1
DA:18,1
DA:19,37
DA:20,37
DA:21,36
DA:23,36
DA:24,36
DA:25,36
DA:26,36
DA:28,37
DA:29,37
DA:30,37
DA:31,1
DA:32,26
DA:34,37
DA:35,37
DA:36,37
DA:37,37
DA:38,37
DA:40,8
DA:41,8
DA:44,27
DA:45,27
DA:46,27
DA:47,27
DA:48,27
DA:49,27
DA:50,27
DA:51,27
DA:52,27
DA:53,27
DA:54,37
DA:55,10
DA:56,8
DA:57,8
DA:58,8
DA:59,8
DA:60,8
DA:61,8
DA:62,8
DA:63,8
DA:64,8
DA:65,8
DA:66,8
DA:68,2
DA:69,2
DA:70,2
DA:71,2
DA:72,2
DA:73,2
DA:74,2
DA:75,2
DA:76,2
DA:77,2
DA:78,2
DA:79,2
DA:80,37
LF:70
LH:70
BRDA:11,0,0,29
BRDA:12,1,0,29
BRDA:18,2,0,37
BRDA:20,3,0,36
BRDA:28,4,0,27
BRDA:30,5,0,25
BRDA:30,6,0,1
BRDA:31,7,0,26
BRDA:37,8,0,19
BRDA:38,9,0,8
BRDA:41,10,0,27
BRDA:54,11,0,10
BRDA:55,12,0,8
BRDA:66,13,0,2
BRF:14
BRH:14
end_of_record
TN:
SF:src/pages/api/auth/signin.ts
FN:22,POST
FNF:1
FNH:1
FNDA:37,POST
DA:2,1
DA:3,1
DA:4,1
DA:6,1
DA:7,1
DA:8,1
DA:9,1
DA:10,1
DA:11,1
DA:12,1
DA:13,31
DA:14,31
DA:15,1
DA:16,1
DA:17,1
DA:18,1
DA:19,1
DA:20,1
DA:22,1
DA:23,37
DA:24,37
DA:26,37
DA:27,37
DA:28,35
DA:29,35
DA:30,35
DA:31,35
DA:33,35
DA:34,35
DA:36,35
DA:37,35
DA:38,35
DA:39,35
DA:40,35
DA:42,35
DA:43,35
DA:44,35
DA:45,35
DA:46,35
DA:48,37
DA:49,11
DA:50,11
DA:51,11
DA:52,11
DA:53,11
DA:56,11
DA:57,11
DA:58,11
DA:59,11
DA:60,11
DA:61,11
DA:62,11
DA:63,11
DA:64,11
DA:65,11
DA:66,11
DA:68,13
DA:69,13
DA:70,37
DA:71,37
DA:72,37
DA:73,37
DA:75,37
DA:76,37
DA:77,37
DA:78,37
DA:79,37
DA:80,37
DA:81,37
DA:82,37
DA:83,37
DA:84,37
DA:85,37
DA:86,37
DA:87,37
DA:88,13
DA:89,8
DA:90,8
DA:91,8
DA:92,8
DA:93,8
DA:94,8
DA:95,8
DA:96,8
DA:97,8
DA:98,8
DA:99,8
DA:100,8
DA:102,5
DA:103,5
DA:104,5
DA:105,5
DA:106,5
DA:107,5
DA:108,5
DA:109,5
DA:110,5
DA:111,5
DA:112,5
DA:113,5
DA:114,5
DA:115,5
DA:116,5
DA:117,37
LF:104
LH:104
BRDA:11,0,0,31
BRDA:12,1,0,31
BRDA:22,2,0,37
BRDA:27,3,0,35
BRDA:46,4,0,24
BRDA:48,5,0,11
BRDA:66,6,0,13
BRDA:70,7,0,13
BRDA:78,8,0,13
BRDA:78,9,0,1
BRDA:79,10,0,13
BRDA:79,11,0,8
BRDA:87,12,0,13
BRDA:88,13,0,8
BRDA:100,14,0,5
BRF:15
BRH:15
end_of_record
TN:
SF:src/pages/api/auth/signout.ts
FN:1,(empty-report)
FNF:1
FNH:1
FNDA:1,(empty-report)
DA:2,0
DA:3,0
DA:5,0
DA:6,0
DA:7,0
DA:8,0
DA:9,0
DA:10,0
DA:12,0
DA:14,0
DA:15,0
DA:16,0
DA:17,0
DA:18,0
DA:19,0
DA:20,0
DA:21,0
DA:22,0
DA:23,0
DA:24,0
DA:25,0
DA:27,0
DA:28,0
DA:29,0
DA:30,0
DA:31,0
DA:32,0
DA:33,0
DA:34,0
DA:35,0
DA:36,0
DA:37,0
DA:38,0
DA:39,0
DA:40,0
DA:41,0
DA:42,0
DA:43,0
DA:44,0
LF:39
LH:0
BRDA:1,0,0,1
BRF:1
BRH:1
end_of_record
TN:
SF:src/pages/api/auth/signup.ts
FN:26,POST
FNF:1
FNH:1
FNDA:35,POST
DA:2,1
DA:3,1
DA:4,1
DA:6,1
DA:7,1
DA:8,1
DA:9,1
DA:10,1
DA:11,1
DA:12,1
DA:13,31
DA:14,31
DA:15,1
DA:16,1
DA:17,1
DA:18,1
DA:19,1
DA:20,1
DA:21,1
DA:22,1
DA:23,1
DA:24,1
DA:26,1
DA:27,35
DA:28,35
DA:29,34
DA:31,34
DA:32,34
DA:33,34
DA:34,34
DA:36,34
DA:37,34
DA:38,34
DA:39,34
DA:41,35
DA:43,6
DA:44,6
DA:45,6
DA:46,6
DA:47,6
DA:48,6
DA:49,6
DA:50,6
DA:51,6
DA:52,6
DA:53,6
DA:56,14
DA:57,14
DA:58,14
DA:59,14
DA:60,14
DA:62,35
DA:63,1
DA:64,1
DA:65,1
DA:66,1
DA:67,1
DA:68,1
DA:69,1
DA:70,1
DA:71,1
DA:72,1
DA:73,1
DA:75,12
DA:76,12
DA:77,12
DA:78,35
DA:79,35
DA:80,35
DA:81,35
DA:82,35
DA:83,35
DA:84,35
DA:85,35
DA:86,35
DA:87,35
DA:88,16
DA:89,11
DA:90,11
DA:91,11
DA:92,11
DA:93,11
DA:94,11
DA:95,11
DA:96,11
DA:97,11
DA:98,11
DA:99,11
DA:101,5
DA:102,5
DA:103,5
DA:104,5
DA:105,5
DA:106,5
DA:107,5
DA:108,5
DA:109,5
DA:110,5
DA:111,5
DA:112,5
DA:113,35
LF:101
LH:101
BRDA:11,0,0,31
BRDA:12,1,0,31
BRDA:26,2,0,35
BRDA:28,3,0,34
BRDA:39,4,0,20
BRDA:41,5,0,6
BRDA:53,6,0,14
BRDA:60,7,0,13
BRDA:62,8,0,1
BRDA:73,9,0,12
BRDA:78,10,0,11
BRDA:78,11,0,2
BRDA:79,12,0,11
BRDA:79,13,0,9
BRDA:87,14,0,16
BRDA:88,15,0,11
BRDA:99,16,0,5
BRF:17
BRH:17
end_of_record
TN:
SF:src/pages/api/generators/iban.ts
FN:39,GET
FN:132,createErrorResponse
FNF:2
FNH:2
FNDA:36,GET
FNDA:13,createErrorResponse
DA:2,1
DA:3,1
DA:4,1
DA:6,1
DA:13,1
DA:14,1
DA:15,1
DA:16,1
DA:17,1
DA:18,1
DA:19,1
DA:20,1
DA:21,1
DA:22,1
DA:23,1
DA:39,1
DA:41,36
DA:42,1
DA:43,1
DA:44,1
DA:45,1
DA:46,1
DA:47,1
DA:48,1
DA:49,1
DA:50,1
DA:51,1
DA:52,1
DA:53,1
DA:54,1
DA:56,35
DA:57,35
DA:58,35
DA:59,36
DA:60,36
DA:61,36
DA:64,36
DA:67,36
DA:68,3
DA:69,3
DA:70,3
DA:71,3
DA:72,3
DA:73,3
DA:76,24
DA:79,24
DA:80,24
DA:81,24
DA:82,24
DA:85,36
DA:86,13
DA:87,13
DA:90,22
DA:91,13
DA:92,9
DA:94,36
DA:95,36
DA:96,36
DA:97,36
DA:100,36
DA:101,13
DA:102,13
DA:104,22
DA:105,22
DA:106,22
DA:107,22
DA:108,36
DA:110,10
DA:111,7
DA:112,7
DA:113,7
DA:115,7
DA:116,7
DA:119,3
DA:120,3
DA:121,3
DA:122,3
DA:123,10
DA:124,10
DA:125,10
DA:126,36
DA:132,13
DA:133,13
DA:134,13
DA:135,13
DA:136,13
DA:137,13
DA:138,13
DA:139,13
DA:140,13
DA:141,13
DA:142,13
DA:143,13
DA:145,13
DA:146,3
DA:147,3
DA:149,13
DA:150,13
DA:151,13
DA:152,13
DA:153,13
DA:154,13
DA:155,13
LF:103
LH:103
BRDA:39,0,0,36
BRDA:41,1,0,1
BRDA:54,2,0,35
BRDA:59,3,0,3
BRDA:60,4,0,16
BRDA:67,5,0,3
BRDA:73,6,0,24
BRDA:85,7,0,13
BRDA:87,8,0,22
BRDA:90,9,0,13
BRDA:91,10,0,9
BRDA:100,11,0,13
BRDA:102,12,0,22
BRDA:108,13,0,10
BRDA:110,14,0,7
BRDA:116,15,0,3
BRDA:123,16,0,2
BRDA:123,17,0,1
BRDA:112,18,0,8
BRDA:132,19,0,13
BRDA:145,20,0,3
BRF:21
BRH:21
end_of_record
TN:
SF:src/pages/api/validators/iban.ts
FN:29,GET
FN:82,createErrorResponse
FNF:2
FNH:2
FNDA:42,GET
FNDA:9,createErrorResponse
DA:2,1
DA:3,1
DA:6,1
DA:12,1
DA:13,1
DA:14,1
DA:29,1
DA:30,42
DA:31,42
DA:32,42
DA:33,42
DA:34,42
DA:37,42
DA:39,42
DA:40,0
DA:41,0
DA:42,0
DA:43,0
DA:44,0
DA:45,0
DA:48,35
DA:50,35
DA:51,35
DA:52,35
DA:53,35
DA:55,35
DA:56,35
DA:57,35
DA:58,42
DA:60,9
DA:61,6
DA:62,6
DA:63,6
DA:65,6
DA:66,6
DA:69,3
DA:70,3
DA:71,3
DA:72,3
DA:73,9
DA:74,9
DA:75,9
DA:76,42
DA:82,9
DA:83,9
DA:84,9
DA:85,9
DA:86,9
DA:87,9
DA:88,9
DA:89,9
DA:90,9
DA:91,9
DA:92,9
DA:93,9
DA:95,9
DA:96,3
DA:97,3
DA:99,9
DA:100,9
DA:101,9
DA:102,9
DA:103,9
DA:104,9
DA:105,9
LF:65
LH:59
BRDA:29,0,0,42
BRDA:33,1,0,5
BRDA:39,2,0,0
BRDA:45,3,0,35
BRDA:58,4,0,9
BRDA:60,5,0,6
BRDA:66,6,0,3
BRDA:73,7,0,2
BRDA:73,8,0,1
BRDA:62,9,0,6
BRDA:82,10,0,9
BRDA:95,11,0,3
BRF:12
BRH:11
end_of_record
TN:
SF:src/types/types.ts
FN:1,(empty-report)
FNF:1
FNH:1
FNDA:1,(empty-report)
LF:0
LH:0
BRDA:1,0,0,1
BRF:1
BRH:1
end_of_record
